2025-06-17 23:26:50,416 - INFO - Starting parallel data processing from directory: C:\Users\User\Projects\talbot\data\gm_games
2025-06-17 23:26:50,416 - INFO - Saving EACH processed PGN file to its own HDF5 file in: C:\Users\User\Projects\talbot\training\supervised\v3_pol_mvplayed_val_sfeval_more_games\data\processed_pgn_h5
2025-06-17 23:26:50,416 - INFO - Using 8 parallel workers.
2025-06-17 23:26:50,419 - INFO - Found 168 PGN files to process.
2025-06-17 23:43:07,303 - INFO - Processed PolgarS.pgn. Output: PolgarS.h5, Moves: 69950. Total moves so far: 69950
2025-06-17 23:43:10,041 - INFO - Processed PolgarZ.pgn. Output: PolgarZ.h5, Moves: 70175. Total moves so far: 140125
2025-06-17 23:48:31,836 - INFO - Processed Quinteros.pgn. Output: Quinteros.h5, Moves: 93357. Total moves so far: 233482
2025-06-17 23:56:28,710 - INFO - Processed Pillsbury.pgn. Output: Pillsbury.h5, Moves: 34711. Total moves so far: 268193
2025-06-17 23:56:36,465 - INFO - Processed Philidor.pgn. Output: Philidor.h5, Moves: 499. Total moves so far: 268692
2025-06-17 23:58:03,493 - INFO - Processed Psakhis.pgn. Output: Psakhis.h5, Moves: 134885. Total moves so far: 403577
2025-06-17 23:59:03,077 - INFO - Processed Polugaevsky.pgn. Output: Polugaevsky.h5, Moves: 138993. Total moves so far: 542570
2025-06-18 00:00:50,457 - INFO - Processed Pilnik.pgn. Output: Pilnik.h5, Moves: 77268. Total moves so far: 619838
2025-06-18 00:04:00,282 - INFO - Processed Paulsen.pgn. Output: Paulsen.h5, Moves: 26192. Total moves so far: 646030
2025-06-18 00:17:38,813 - INFO - Processed Ponomariov.pgn. Output: Ponomariov.h5, Moves: 220572. Total moves so far: 866602
2025-06-18 00:19:44,195 - INFO - Processed PolgarJ.pgn. Output: PolgarJ.h5, Moves: 160722. Total moves so far: 1027324
2025-06-18 00:20:33,407 - INFO - Processed Praggnanandhaa.pgn. Output: Praggnanandhaa.h5, Moves: 231748. Total moves so far: 1259072
2025-06-18 00:21:08,834 - INFO - Processed Portisch.pgn. Output: Portisch.h5, Moves: 235336. Total moves so far: 1494408
2025-06-18 00:25:17,512 - INFO - Processed Pachman.pgn. Output: Pachman.h5, Moves: 106100. Total moves so far: 1600508
2025-06-18 00:26:46,345 - INFO - Processed Petrosian.pgn. Output: Petrosian.h5, Moves: 132647. Total moves so far: 1733155
2025-06-18 00:34:15,312 - INFO - Processed Oll.pgn. Output: Oll.h5, Moves: 72189. Total moves so far: 1805344
2025-06-18 00:35:31,826 - INFO - Processed Olafsson.pgn. Output: Olafsson.h5, Moves: 68511. Total moves so far: 1873855
2025-06-18 00:36:02,868 - INFO - Processed Onischuk.pgn. Output: Onischuk.h5, Moves: 139077. Total moves so far: 2012932
2025-06-18 00:36:31,228 - INFO - Processed Nimzowitsch.pgn. Output: Nimzowitsch.h5, Moves: 43029. Total moves so far: 2055961
2025-06-18 00:44:05,458 - INFO - Processed Novikov.pgn. Output: Novikov.h5, Moves: 101073. Total moves so far: 2157034
2025-06-18 00:49:32,315 - INFO - Processed Nunn.pgn. Output: Nunn.h5, Moves: 127654. Total moves so far: 2284688
2025-06-18 01:04:01,963 - INFO - Processed Nisipeanu.pgn. Output: Nisipeanu.h5, Moves: 171147. Total moves so far: 2455835
2025-06-18 01:04:06,983 - INFO - Processed Paehtz.pgn. Output: Paehtz.h5, Moves: 285348. Total moves so far: 2741183
2025-06-18 01:06:11,141 - INFO - Processed Ni.pgn. Output: Ni.h5, Moves: 132926. Total moves so far: 2874109
2025-06-18 01:12:01,740 - INFO - Processed Nielsen.pgn. Output: Nielsen.h5, Moves: 160523. Total moves so far: 3034632
2025-06-18 01:22:35,886 - INFO - Processed Nikolic.pgn. Output: Nikolic.h5, Moves: 211564. Total moves so far: 3246196
2025-06-18 01:25:50,551 - INFO - Processed Morphy.pgn. Output: Morphy.h5, Moves: 13835. Total moves so far: 3260031
2025-06-18 01:32:09,524 - INFO - Processed Najdorf.pgn. Output: Najdorf.h5, Moves: 122158. Total moves so far: 3382189
2025-06-18 01:38:27,583 - INFO - Processed Najer.pgn. Output: Najer.h5, Moves: 212274. Total moves so far: 3594463
2025-06-18 01:41:10,295 - INFO - Processed Muzychuk.pgn. Output: Muzychuk.h5, Moves: 160415. Total moves so far: 3754878
2025-06-18 01:51:02,401 - INFO - Processed Mikenas.pgn. Output: Mikenas.h5, Moves: 43292. Total moves so far: 3798170
2025-06-18 01:59:11,315 - INFO - Processed Motylev.pgn. Output: Motylev.h5, Moves: 204685. Total moves so far: 4002855
2025-06-18 01:59:37,379 - INFO - Processed Milov.pgn. Output: Milov.h5, Moves: 120236. Total moves so far: 4123091
2025-06-18 02:01:35,644 - INFO - Processed McDonnell.pgn. Output: McDonnell.h5, Moves: 8434. Total moves so far: 4131525
2025-06-18 02:02:26,115 - INFO - Processed Mecking.pgn. Output: Mecking.h5, Moves: 49511. Total moves so far: 4181036
2025-06-18 02:08:46,928 - INFO - Processed Movsesian.pgn. Output: Movsesian.h5, Moves: 271362. Total moves so far: 4452398
2025-06-18 02:09:54,973 - INFO - Processed Nepomniachtchi.pgn. Output: Nepomniachtchi.h5, Moves: 404821. Total moves so far: 4857219
2025-06-18 02:15:52,637 - INFO - Processed Maroczy.pgn. Output: Maroczy.h5, Moves: 59136. Total moves so far: 4916355
2025-06-18 02:19:50,172 - INFO - Processed MacKenzie.pgn. Output: MacKenzie.h5, Moves: 16934. Total moves so far: 4933289
2025-06-18 02:20:08,557 - INFO - Processed Morozevich.pgn. Output: Morozevich.h5, Moves: 237509. Total moves so far: 5170798
2025-06-18 02:20:56,965 - INFO - Processed Marshall.pgn. Output: Marshall.h5, Moves: 85284. Total moves so far: 5256082
2025-06-18 02:26:12,692 - INFO - Processed Miles.pgn. Output: Miles.h5, Moves: 210011. Total moves so far: 5466093
2025-06-18 02:32:45,640 - INFO - Processed Lilienthal.pgn. Output: Lilienthal.h5, Moves: 50902. Total moves so far: 5516995
2025-06-18 02:36:26,770 - INFO - Processed McShane.pgn. Output: McShane.h5, Moves: 161997. Total moves so far: 5678992
2025-06-18 02:40:22,883 - INFO - Processed Levenfish.pgn. Output: Levenfish.h5, Moves: 31867. Total moves so far: 5710859
2025-06-18 02:48:10,484 - INFO - Processed Lputian.pgn. Output: Lputian.h5, Moves: 122087. Total moves so far: 5832946
2025-06-18 02:54:24,121 - INFO - Processed Li.pgn. Output: Li.h5, Moves: 119927. Total moves so far: 5952873
2025-06-18 02:56:20,037 - INFO - Processed Ljubojevic.pgn. Output: Ljubojevic.h5, Moves: 154468. Total moves so far: 6107341
2025-06-18 02:57:34,516 - INFO - Processed Malakhov.pgn. Output: Malakhov.h5, Moves: 207186. Total moves so far: 6314527
2025-06-18 03:10:28,813 - INFO - Processed Lasker.pgn. Output: Lasker.h5, Moves: 70647. Total moves so far: 6385174
2025-06-18 03:15:42,604 - INFO - Processed Lahno.pgn. Output: Lahno.h5, Moves: 78617. Total moves so far: 6463791
2025-06-18 03:21:26,411 - INFO - Processed Lautier.pgn. Output: Lautier.h5, Moves: 146582. Total moves so far: 6610373
2025-06-18 03:25:47,923 - INFO - Processed Le.pgn. Output: Le.h5, Moves: 199781. Total moves so far: 6810154
2025-06-18 03:30:02,733 - INFO - Processed Leko.pgn. Output: Leko.h5, Moves: 231977. Total moves so far: 7042131
2025-06-18 03:32:19,699 - INFO - Processed Kudrin.pgn. Output: Kudrin.h5, Moves: 94908. Total moves so far: 7137039
2025-06-18 03:42:21,472 - INFO - Processed Mamedyarov.pgn. Output: Mamedyarov.h5, Moves: 409596. Total moves so far: 7546635
2025-06-18 03:42:33,179 - INFO - Processed Kotov.pgn. Output: Kotov.h5, Moves: 55035. Total moves so far: 7601670
2025-06-18 03:44:00,750 - INFO - Processed Larsen.pgn. Output: Larsen.h5, Moves: 210105. Total moves so far: 7811775
2025-06-18 03:59:19,327 - INFO - Processed Nakamura.pgn. Output: Nakamura.h5, Moves: 842329. Total moves so far: 8654104
2025-06-18 04:03:08,084 - INFO - Processed Krush.pgn. Output: Krush.h5, Moves: 207471. Total moves so far: 8861575
2025-06-18 04:18:45,851 - INFO - Processed Krasenkow.pgn. Output: Krasenkow.h5, Moves: 248387. Total moves so far: 9109962
2025-06-18 04:26:04,749 - INFO - Processed Koneru.pgn. Output: Koneru.h5, Moves: 182045. Total moves so far: 9292007
2025-06-18 04:33:32,416 - INFO - Processed Kholmov.pgn. Output: Kholmov.h5, Moves: 148746. Total moves so far: 9440753
2025-06-18 04:39:51,576 - INFO - Processed Khalifman.pgn. Output: Khalifman.h5, Moves: 159220. Total moves so far: 9599973
2025-06-18 04:46:23,907 - INFO - Processed Keres.pgn. Output: Keres.h5, Moves: 121350. Total moves so far: 9721323
2025-06-18 04:46:53,454 - INFO - Processed Kavalek.pgn. Output: Kavalek.h5, Moves: 91834. Total moves so far: 9813157
2025-06-18 04:50:00,280 - INFO - Processed Korobov.pgn. Output: Korobov.h5, Moves: 293095. Total moves so far: 10106252
2025-06-18 04:51:30,268 - INFO - Processed Kramnik.pgn. Output: Kramnik.h5, Moves: 372187. Total moves so far: 10478439
2025-06-18 05:09:43,245 - INFO - Processed Korchnoi.pgn. Output: Korchnoi.h5, Moves: 378771. Total moves so far: 10857210
2025-06-18 05:10:59,551 - INFO - Processed Kasparov.pgn. Output: Kasparov.h5, Moves: 162894. Total moves so far: 11020104
2025-06-18 05:13:34,296 - INFO - Processed Kasimdzhanov.pgn. Output: Kasimdzhanov.h5, Moves: 148216. Total moves so far: 11168320
2025-06-18 05:18:46,261 - INFO - Processed Kaidanov.pgn. Output: Kaidanov.h5, Moves: 120107. Total moves so far: 11288427
2025-06-18 05:30:28,838 - INFO - Processed Janowski.pgn. Output: Janowski.h5, Moves: 74130. Total moves so far: 11362557
2025-06-18 05:33:07,924 - INFO - Processed Kosteniuk.pgn. Output: Kosteniuk.h5, Moves: 526925. Total moves so far: 11889482
2025-06-18 05:46:51,535 - INFO - Processed Jussupow.pgn. Output: Jussupow.h5, Moves: 163992. Total moves so far: 12053474
2025-06-18 05:47:02,283 - INFO - Processed IvanovI.pgn. Output: IvanovI.h5, Moves: 60524. Total moves so far: 12113998
2025-06-18 05:54:20,073 - INFO - Processed Karpov.pgn. Output: Karpov.h5, Moves: 295047. Total moves so far: 12409045
2025-06-18 05:56:51,997 - INFO - Processed Jakovenko.pgn. Output: Jakovenko.h5, Moves: 167971. Total moves so far: 12577016
2025-06-18 06:00:08,251 - INFO - Processed Karjakin.pgn. Output: Karjakin.h5, Moves: 318015. Total moves so far: 12895031
2025-06-18 06:10:34,585 - INFO - Processed IvanovA.pgn. Output: IvanovA.h5, Moves: 101461. Total moves so far: 12996492
2025-06-18 06:11:00,040 - INFO - Processed Ivkov.pgn. Output: Ivkov.h5, Moves: 174969. Total moves so far: 13171461
2025-06-18 06:24:13,029 - INFO - Processed IllescasCordoba.pgn. Output: IllescasCordoba.h5, Moves: 116104. Total moves so far: 13287565
2025-06-18 06:26:22,089 - INFO - Processed Horwitz.pgn. Output: Horwitz.h5, Moves: 9297. Total moves so far: 13296862
2025-06-18 06:27:16,296 - INFO - Processed Ibragimov.pgn. Output: Ibragimov.h5, Moves: 116152. Total moves so far: 13413014
2025-06-18 06:40:41,969 - INFO - Processed Jobava.pgn. Output: Jobava.h5, Moves: 389720. Total moves so far: 13802734
2025-06-18 06:42:24,279 - INFO - Processed Inarkiev.pgn. Output: Inarkiev.h5, Moves: 204594. Total moves so far: 14007328
2025-06-18 06:49:00,198 - INFO - Processed Huebner.pgn. Output: Huebner.h5, Moves: 166613. Total moves so far: 14173941
2025-06-18 06:54:59,579 - INFO - Processed Gunsberg.pgn. Output: Gunsberg.h5, Moves: 25936. Total moves so far: 14199877
2025-06-18 07:01:17,860 - INFO - Processed Hou.pgn. Output: Hou.h5, Moves: 218833. Total moves so far: 14418710
2025-06-18 07:18:09,803 - INFO - Processed Hort.pgn. Output: Hort.h5, Moves: 223953. Total moves so far: 14642663
2025-06-18 07:19:01,428 - INFO - Processed Kamsky.pgn. Output: Kamsky.h5, Moves: 650121. Total moves so far: 15292784
2025-06-18 07:21:15,609 - INFO - Processed Ivanchuk.pgn. Output: Ivanchuk.h5, Moves: 410413. Total moves so far: 15703197
2025-06-18 07:26:25,165 - INFO - Processed Gulko.pgn. Output: Gulko.h5, Moves: 138513. Total moves so far: 15841710
2025-06-18 07:27:56,757 - INFO - Processed Harikrishna.pgn. Output: Harikrishna.h5, Moves: 262971. Total moves so far: 16104681
2025-06-18 07:29:51,152 - INFO - Processed GurevichM.pgn. Output: GurevichM.h5, Moves: 213907. Total moves so far: 16318588
2025-06-18 07:42:22,956 - INFO - Processed Goldin.pgn. Output: Goldin.h5, Moves: 91828. Total moves so far: 16410416
2025-06-18 07:43:51,931 - INFO - Processed Gukesh.pgn. Output: Gukesh.h5, Moves: 184866. Total moves so far: 16595282
2025-06-18 07:55:30,953 - INFO - Processed GrandaZuniga.pgn. Output: GrandaZuniga.h5, Moves: 158557. Total moves so far: 16753839
2025-06-18 07:59:10,927 - INFO - Processed GurevichD.pgn. Output: GurevichD.h5, Moves: 336817. Total moves so far: 17090656
2025-06-18 08:14:28,586 - INFO - Processed Gashimov.pgn. Output: Gashimov.h5, Moves: 81422. Total moves so far: 17172078
2025-06-18 08:18:54,381 - INFO - Processed Gligoric.pgn. Output: Gligoric.h5, Moves: 225488. Total moves so far: 17397566
2025-06-18 08:19:34,781 - INFO - Processed Geller.pgn. Output: Geller.h5, Moves: 161507. Total moves so far: 17559073
2025-06-18 08:24:11,004 - INFO - Processed Gaprindashvili.pgn. Output: Gaprindashvili.h5, Moves: 105338. Total moves so far: 17664411
2025-06-18 08:31:56,300 - INFO - Processed Flohr.pgn. Output: Flohr.h5, Moves: 74986. Total moves so far: 17739397
2025-06-18 08:34:15,873 - INFO - Processed Georgiev.pgn. Output: Georgiev.h5, Moves: 280807. Total moves so far: 18020204
2025-06-18 08:35:09,619 - INFO - Processed Fischer.pgn. Output: Fischer.h5, Moves: 67340. Total moves so far: 18087544
2025-06-18 08:39:46,157 - INFO - Processed Fine.pgn. Output: Fine.h5, Moves: 23792. Total moves so far: 18111336
2025-06-18 08:45:29,262 - INFO - Processed Fishbein.pgn. Output: Fishbein.h5, Moves: 116309. Total moves so far: 18227645
2025-06-18 08:52:10,847 - INFO - Processed Evans.pgn. Output: Evans.h5, Moves: 54631. Total moves so far: 18282276
2025-06-18 08:52:21,067 - INFO - Processed Giri.pgn. Output: Giri.h5, Moves: 369239. Total moves so far: 18651515
2025-06-18 08:52:53,257 - INFO - Processed Finegold.pgn. Output: Finegold.h5, Moves: 92097. Total moves so far: 18743612
2025-06-18 08:58:26,905 - INFO - Processed Fedorowicz.pgn. Output: Fedorowicz.h5, Moves: 102599. Total moves so far: 18846211
2025-06-18 09:01:45,317 - INFO - Processed Gelfand.pgn. Output: Gelfand.h5, Moves: 340608. Total moves so far: 19186819
2025-06-18 09:05:10,378 - INFO - Processed Euwe.pgn. Output: Euwe.h5, Moves: 85497. Total moves so far: 19272316
2025-06-18 09:06:01,633 - INFO - Processed Dzindzichashvili.pgn. Output: Dzindzichashvili.h5, Moves: 57155. Total moves so far: 19329471
2025-06-18 09:20:14,798 - INFO - Processed Grischuk.pgn. Output: Grischuk.h5, Moves: 526573. Total moves so far: 19856044
2025-06-18 09:27:36,550 - INFO - Processed Denker.pgn. Output: Denker.h5, Moves: 32440. Total moves so far: 19888484
2025-06-18 09:29:30,817 - INFO - Processed DeLaBourdonnais.pgn. Output: DeLaBourdonnais.h5, Moves: 8204. Total moves so far: 19896688
2025-06-18 09:48:56,137 - INFO - Processed Ding.pgn. Output: Ding.h5, Moves: 188809. Total moves so far: 20085497
2025-06-18 09:51:47,389 - INFO - Processed Ehlvest.pgn. Output: Ehlvest.h5, Moves: 258597. Total moves so far: 20344094
2025-06-18 09:55:47,736 - INFO - Processed Firouzja.pgn. Output: Firouzja.h5, Moves: 401358. Total moves so far: 20745452
2025-06-18 10:00:40,477 - INFO - Processed DeFirmian.pgn. Output: DeFirmian.h5, Moves: 137203. Total moves so far: 20882655
2025-06-18 10:02:06,170 - INFO - Processed DominguezPerez.pgn. Output: DominguezPerez.h5, Moves: 250165. Total moves so far: 21132820
2025-06-18 10:04:33,614 - INFO - Processed Erigaisi.pgn. Output: Erigaisi.h5, Moves: 314526. Total moves so far: 21447346
2025-06-18 10:05:36,993 - INFO - Processed Chigorin.pgn. Output: Chigorin.h5, Moves: 60144. Total moves so far: 21507490
2025-06-18 10:15:25,794 - INFO - Processed Capablanca.pgn. Output: Capablanca.h5, Moves: 46577. Total moves so far: 21554067
2025-06-18 10:18:44,054 - INFO - Processed Chiburdanidze.pgn. Output: Chiburdanidze.h5, Moves: 99709. Total moves so far: 21653776
2025-06-18 10:21:31,243 - INFO - Processed Christiansen.pgn. Output: Christiansen.h5, Moves: 141309. Total moves so far: 21795085
2025-06-18 10:22:31,305 - INFO - Processed Byrne.pgn. Output: Byrne.h5, Moves: 73365. Total moves so far: 21868450
2025-06-18 10:24:46,829 - INFO - Processed Duda.pgn. Output: Duda.h5, Moves: 374674. Total moves so far: 22243124
2025-06-18 10:25:12,672 - INFO - Processed Dreev.pgn. Output: Dreev.h5, Moves: 362388. Total moves so far: 22605512
2025-06-18 10:27:53,408 - INFO - Processed Breyer.pgn. Output: Breyer.h5, Moves: 13599. Total moves so far: 22619111
2025-06-18 10:31:07,543 - INFO - Processed Bruzon.pgn. Output: Bruzon.h5, Moves: 54150. Total moves so far: 22673261
2025-06-18 10:39:26,072 - INFO - Processed Boleslavsky.pgn. Output: Boleslavsky.h5, Moves: 50324. Total moves so far: 22723585
2025-06-18 10:42:11,877 - INFO - Processed Botvinnik.pgn. Output: Botvinnik.h5, Moves: 74711. Total moves so far: 22798296
2025-06-18 10:50:52,573 - INFO - Processed Bogoljubow.pgn. Output: Bogoljubow.h5, Moves: 85851. Total moves so far: 22884147
2025-06-18 10:51:10,602 - INFO - Processed Browne.pgn. Output: Browne.h5, Moves: 130335. Total moves so far: 23014482
2025-06-18 10:55:30,611 - INFO - Processed Bronstein.pgn. Output: Bronstein.h5, Moves: 145190. Total moves so far: 23159672
2025-06-18 10:56:15,736 - INFO - Processed Bu.pgn. Output: Bu.h5, Moves: 177595. Total moves so far: 23337267
2025-06-18 10:56:32,117 - INFO - Processed Blackburne.pgn. Output: Blackburne.h5, Moves: 62161. Total moves so far: 23399428
2025-06-18 10:57:18,489 - INFO - Processed Berliner.pgn. Output: Berliner.h5, Moves: 4536. Total moves so far: 23403964
2025-06-18 10:58:17,097 - INFO - Processed Bird.pgn. Output: Bird.h5, Moves: 30835. Total moves so far: 23434799
2025-06-18 11:00:57,545 - INFO - Processed Bernstein.pgn. Output: Bernstein.h5, Moves: 23617. Total moves so far: 23458416
2025-06-18 11:11:08,607 - INFO - Processed Bisguier.pgn. Output: Bisguier.h5, Moves: 89040. Total moves so far: 23547456
2025-06-18 11:17:16,467 - INFO - Processed Blatny.pgn. Output: Blatny.h5, Moves: 165985. Total moves so far: 23713441
2025-06-18 11:19:00,108 - INFO - Processed Benko.pgn. Output: Benko.h5, Moves: 98980. Total moves so far: 23812421
2025-06-18 11:23:09,430 - INFO - Processed BecerraRivero.pgn. Output: BecerraRivero.h5, Moves: 97445. Total moves so far: 23909866
2025-06-18 11:31:40,606 - INFO - Processed Benjamin.pgn. Output: Benjamin.h5, Moves: 149133. Total moves so far: 24058999
2025-06-18 11:39:16,826 - INFO - Processed Ashley.pgn. Output: Ashley.h5, Moves: 33050. Total moves so far: 24092049
2025-06-18 11:39:34,260 - INFO - Processed Averbakh.pgn. Output: Averbakh.h5, Moves: 71523. Total moves so far: 24163572
2025-06-18 11:43:51,510 - INFO - Processed Azmaiparashvili.pgn. Output: Azmaiparashvili.h5, Moves: 108032. Total moves so far: 24271604
2025-06-18 11:48:03,616 - INFO - Processed Bareev.pgn. Output: Bareev.h5, Moves: 160585. Total moves so far: 24432189
2025-06-18 11:55:09,026 - INFO - Processed Anderssen.pgn. Output: Anderssen.h5, Moves: 49499. Total moves so far: 24481688
2025-06-18 11:59:19,071 - INFO - Processed Caruana.pgn. Output: Caruana.h5, Moves: 515355. Total moves so far: 24997043
2025-06-18 12:02:52,395 - INFO - Processed Beliavsky.pgn. Output: Beliavsky.h5, Moves: 282380. Total moves so far: 25279423
2025-06-18 12:22:44,283 - INFO - Processed Carlsen.pgn. Output: Carlsen.h5, Moves: 611402. Total moves so far: 25890825
2025-06-18 12:32:48,966 - INFO - Processed Almasi.pgn. Output: Almasi.h5, Moves: 164093. Total moves so far: 26054918
2025-06-18 12:33:24,302 - INFO - Processed Alekhine.pgn. Output: Alekhine.h5, Moves: 132637. Total moves so far: 26187555
2025-06-18 12:37:37,001 - INFO - Processed Alburt.pgn. Output: Alburt.h5, Moves: 65623. Total moves so far: 26253178
2025-06-18 12:49:49,468 - INFO - Processed Bacrot.pgn. Output: Bacrot.h5, Moves: 402343. Total moves so far: 26655521
2025-06-18 12:56:56,720 - INFO - Processed Alekseev.pgn. Output: Alekseev.h5, Moves: 253187. Total moves so far: 26908708
2025-06-18 13:04:29,661 - INFO - Processed Anand.pgn. Output: Anand.h5, Moves: 338998. Total moves so far: 27247706
2025-06-18 13:08:42,815 - INFO - Processed Akopian.pgn. Output: Akopian.h5, Moves: 162359. Total moves so far: 27410065
2025-06-18 13:09:15,083 - INFO - Processed Akobian.pgn. Output: Akobian.h5, Moves: 161964. Total moves so far: 27572029
2025-06-18 13:22:34,873 - INFO - Processed Aronian.pgn. Output: Aronian.h5, Moves: 463800. Total moves so far: 28035829
2025-06-18 13:39:56,911 - INFO - Processed Andreikin.pgn. Output: Andreikin.h5, Moves: 557592. Total moves so far: 28593421
2025-06-18 13:40:35,394 - INFO - Processed Adams.pgn. Output: Adams.h5, Moves: 305367. Total moves so far: 28898788
2025-06-18 13:46:50,833 - INFO - Processed Abdusattorov.pgn. Output: Abdusattorov.h5, Moves: 286733. Total moves so far: 29185521
2025-06-18 13:46:51,579 - INFO - Parallel data processing complete!
2025-06-18 13:46:51,579 - INFO - Total individual HDF5 files created: 168
2025-06-18 13:46:51,580 - INFO - Overall total moves processed: 29185521
2025-06-18 13:46:51,580 - INFO - Individual HDF5 files are located in: C:\Users\User\Projects\talbot\training\supervised\v3_pol_mvplayed_val_sfeval_more_games\data\processed_pgn_h5
2025-06-18 13:46:51,580 - INFO - You can now combine these files later using a separate script.
