Tactical Worker 1: Stockfish engine initialized.
Tactical Worker 1: Stockfish analysis time limit per position: 0.02 seconds.
Tactical Worker 1: Created new HDF5 file: C:\Users\User\Projects\talbot\src\training\supervised\v5_historic_input_channels\scripts\../data\processed_tactical_h5\tactical_worker_1.h5
Tactical Worker 1: Max moves to process for this worker: 312500
Tactical Worker 1: Processing CSV chunk: lichess_db_puzzle_part_2_of_8.csv
Tactical Worker 1: Saved 1000 positions. Total in this HDF5: 1000. Overall processed: 1000
Tactical Worker 1: Saved 1000 positions. Total in this HDF5: 2000. Overall processed: 2000
Tactical Worker 1: Saved 1000 positions. Total in this HDF5: 3000. Overall processed: 3000
Tactical Worker 1: Saved 1000 positions. Total in this HDF5: 4000. Overall processed: 4000
Tactical Worker 1: Saved 1000 positions. Total in this HDF5: 5000. Overall processed: 5000
Tactical Worker 1: Saved 1000 positions. Total in this HDF5: 6000. Overall processed: 6000
Tactical Worker 1: Saved 1000 positions. Total in this HDF5: 7000. Overall processed: 7000
Tactical Worker 1: Saved 1000 positions. Total in this HDF5: 8000. Overall processed: 8000
Tactical Worker 1: Saved 1000 positions. Total in this HDF5: 9000. Overall processed: 9000
Tactical Worker 1: Saved 1000 positions. Total in this HDF5: 10000. Overall processed: 10000
Tactical Worker 1: Saved 1000 positions. Total in this HDF5: 11000. Overall processed: 11000
Tactical Worker 1: Saved 1000 positions. Total in this HDF5: 12000. Overall processed: 12000
Tactical Worker 1: Saved 1000 positions. Total in this HDF5: 13000. Overall processed: 13000
Tactical Worker 1: Saved 1000 positions. Total in this HDF5: 14000. Overall processed: 14000
Tactical Worker 1: Saved 1000 positions. Total in this HDF5: 15000. Overall processed: 15000
Tactical Worker 1: Saved 1000 positions. Total in this HDF5: 16000. Overall processed: 16000
Tactical Worker 1: Saved 1000 positions. Total in this HDF5: 17000. Overall processed: 17000
Tactical Worker 1: Saved 1000 positions. Total in this HDF5: 18000. Overall processed: 18000
Tactical Worker 1: Saved 1000 positions. Total in this HDF5: 19000. Overall processed: 19000
Tactical Worker 1: Saved 1000 positions. Total in this HDF5: 20000. Overall processed: 20000
Tactical Worker 1: Saved 1000 positions. Total in this HDF5: 21000. Overall processed: 21000
Tactical Worker 1: Saved 1000 positions. Total in this HDF5: 22000. Overall processed: 22000
Tactical Worker 1: Saved 1000 positions. Total in this HDF5: 23000. Overall processed: 23000
Tactical Worker 1: Saved 1000 positions. Total in this HDF5: 24000. Overall processed: 24000
Tactical Worker 1: Saved 1000 positions. Total in this HDF5: 25000. Overall processed: 25000
Tactical Worker 1: Saved 1000 positions. Total in this HDF5: 26000. Overall processed: 26000
Tactical Worker 1: Saved 1000 positions. Total in this HDF5: 27000. Overall processed: 27000
Tactical Worker 1: Saved 1000 positions. Total in this HDF5: 28000. Overall processed: 28000
Tactical Worker 1: Saved 1000 positions. Total in this HDF5: 29000. Overall processed: 29000
Tactical Worker 1: Saved 1000 positions. Total in this HDF5: 30000. Overall processed: 30000
Tactical Worker 1: Saved 1000 positions. Total in this HDF5: 31000. Overall processed: 31000
Tactical Worker 1: Saved 1000 positions. Total in this HDF5: 32000. Overall processed: 32000
Tactical Worker 1: Saved 1000 positions. Total in this HDF5: 33000. Overall processed: 33000
Tactical Worker 1: Saved 1000 positions. Total in this HDF5: 34000. Overall processed: 34000
Tactical Worker 1: Saved 1000 positions. Total in this HDF5: 35000. Overall processed: 35000
Tactical Worker 1: Saved 1000 positions. Total in this HDF5: 36000. Overall processed: 36000
Tactical Worker 1: Saved 1000 positions. Total in this HDF5: 37000. Overall processed: 37000
Tactical Worker 1: Saved 1000 positions. Total in this HDF5: 38000. Overall processed: 38000
Tactical Worker 1: Saved 1000 positions. Total in this HDF5: 39000. Overall processed: 39000
Tactical Worker 1: Saved 1000 positions. Total in this HDF5: 40000. Overall processed: 40000
Tactical Worker 1: Saved 1000 positions. Total in this HDF5: 41000. Overall processed: 41000
Tactical Worker 1: Saved 1000 positions. Total in this HDF5: 42000. Overall processed: 42000
Tactical Worker 1: Saved 1000 positions. Total in this HDF5: 43000. Overall processed: 43000
Tactical Worker 1: Saved 1000 positions. Total in this HDF5: 44000. Overall processed: 44000
Tactical Worker 1: Saved 1000 positions. Total in this HDF5: 45000. Overall processed: 45000
Tactical Worker 1: Saved 1000 positions. Total in this HDF5: 46000. Overall processed: 46000
Tactical Worker 1: Saved 1000 positions. Total in this HDF5: 47000. Overall processed: 47000
Tactical Worker 1: Saved 1000 positions. Total in this HDF5: 48000. Overall processed: 48000
Tactical Worker 1: Saved 1000 positions. Total in this HDF5: 49000. Overall processed: 49000
Tactical Worker 1: Saved 1000 positions. Total in this HDF5: 50000. Overall processed: 50000
Tactical Worker 1: Saved 1000 positions. Total in this HDF5: 51000. Overall processed: 51000
Tactical Worker 1: Saved 1000 positions. Total in this HDF5: 52000. Overall processed: 52000
Tactical Worker 1: Saved 1000 positions. Total in this HDF5: 53000. Overall processed: 53000
Tactical Worker 1: Saved 1000 positions. Total in this HDF5: 54000. Overall processed: 54000
Tactical Worker 1: Saved 1000 positions. Total in this HDF5: 55000. Overall processed: 55000
Tactical Worker 1: Saved 1000 positions. Total in this HDF5: 56000. Overall processed: 56000
Tactical Worker 1: Saved 1000 positions. Total in this HDF5: 57000. Overall processed: 57000
Tactical Worker 1: Saved 1000 positions. Total in this HDF5: 58000. Overall processed: 58000
Tactical Worker 1: Saved 1000 positions. Total in this HDF5: 59000. Overall processed: 59000
Tactical Worker 1: Saved 1000 positions. Total in this HDF5: 60000. Overall processed: 60000
Tactical Worker 1: Saved 1000 positions. Total in this HDF5: 61000. Overall processed: 61000
Tactical Worker 1: Saved 1000 positions. Total in this HDF5: 62000. Overall processed: 62000
Tactical Worker 1: Saved 1000 positions. Total in this HDF5: 63000. Overall processed: 63000
Tactical Worker 1: Saved 1000 positions. Total in this HDF5: 64000. Overall processed: 64000
Tactical Worker 1: Saved 1000 positions. Total in this HDF5: 65000. Overall processed: 65000
Tactical Worker 1: Saved 1000 positions. Total in this HDF5: 66000. Overall processed: 66000
Tactical Worker 1: Saved 1000 positions. Total in this HDF5: 67000. Overall processed: 67000
Tactical Worker 1: Saved 1000 positions. Total in this HDF5: 68000. Overall processed: 68000
Tactical Worker 1: Saved 1000 positions. Total in this HDF5: 69000. Overall processed: 69000
Tactical Worker 1: Saved 1000 positions. Total in this HDF5: 70000. Overall processed: 70000
Tactical Worker 1: Saved 1000 positions. Total in this HDF5: 71000. Overall processed: 71000
Tactical Worker 1: Saved 1000 positions. Total in this HDF5: 72000. Overall processed: 72000
Tactical Worker 1: Saved 1000 positions. Total in this HDF5: 73000. Overall processed: 73000
Tactical Worker 1: Saved 1000 positions. Total in this HDF5: 74000. Overall processed: 74000
Tactical Worker 1: Saved 1000 positions. Total in this HDF5: 75000. Overall processed: 75000
Tactical Worker 1: Saved 1000 positions. Total in this HDF5: 76000. Overall processed: 76000
Tactical Worker 1: Saved 1000 positions. Total in this HDF5: 77000. Overall processed: 77000
Tactical Worker 1: Saved 1000 positions. Total in this HDF5: 78000. Overall processed: 78000
Tactical Worker 1: Saved 1000 positions. Total in this HDF5: 79000. Overall processed: 79000
Tactical Worker 1: Saved 1000 positions. Total in this HDF5: 80000. Overall processed: 80000
Tactical Worker 1: Saved 1000 positions. Total in this HDF5: 81000. Overall processed: 81000
Tactical Worker 1: Saved 1000 positions. Total in this HDF5: 82000. Overall processed: 82000
Tactical Worker 1: Saved 1000 positions. Total in this HDF5: 83000. Overall processed: 83000
Tactical Worker 1: Saved 1000 positions. Total in this HDF5: 84000. Overall processed: 84000
Tactical Worker 1: Saved 1000 positions. Total in this HDF5: 85000. Overall processed: 85000
Tactical Worker 1: Saved 1000 positions. Total in this HDF5: 86000. Overall processed: 86000
Tactical Worker 1: Saved 1000 positions. Total in this HDF5: 87000. Overall processed: 87000
Tactical Worker 1: Saved 1000 positions. Total in this HDF5: 88000. Overall processed: 88000
Tactical Worker 1: Saved 1000 positions. Total in this HDF5: 89000. Overall processed: 89000
Tactical Worker 1: Saved 1000 positions. Total in this HDF5: 90000. Overall processed: 90000
Tactical Worker 1: Saved 1000 positions. Total in this HDF5: 91000. Overall processed: 91000
Tactical Worker 1: Saved 1000 positions. Total in this HDF5: 92000. Overall processed: 92000
Tactical Worker 1: Saved 1000 positions. Total in this HDF5: 93000. Overall processed: 93000
Tactical Worker 1: Saved 1000 positions. Total in this HDF5: 94000. Overall processed: 94000
Tactical Worker 1: Saved 1000 positions. Total in this HDF5: 95000. Overall processed: 95000
Tactical Worker 1: Saved 1000 positions. Total in this HDF5: 96000. Overall processed: 96000
Tactical Worker 1: Saved 1000 positions. Total in this HDF5: 97000. Overall processed: 97000
Tactical Worker 1: Saved 1000 positions. Total in this HDF5: 98000. Overall processed: 98000
Tactical Worker 1: Saved 1000 positions. Total in this HDF5: 99000. Overall processed: 99000
Tactical Worker 1: Saved 1000 positions. Total in this HDF5: 100000. Overall processed: 100000
Tactical Worker 1: Saved 1000 positions. Total in this HDF5: 101000. Overall processed: 101000
Tactical Worker 1: Saved 1000 positions. Total in this HDF5: 102000. Overall processed: 102000
Tactical Worker 1: Saved 1000 positions. Total in this HDF5: 103000. Overall processed: 103000
Tactical Worker 1: Saved 1000 positions. Total in this HDF5: 104000. Overall processed: 104000
Tactical Worker 1: Saved 1000 positions. Total in this HDF5: 105000. Overall processed: 105000
Tactical Worker 1: Saved 1000 positions. Total in this HDF5: 106000. Overall processed: 106000
Tactical Worker 1: Saved 1000 positions. Total in this HDF5: 107000. Overall processed: 107000
Tactical Worker 1: Saved 1000 positions. Total in this HDF5: 108000. Overall processed: 108000
Tactical Worker 1: Saved 1000 positions. Total in this HDF5: 109000. Overall processed: 109000
Tactical Worker 1: Saved 1000 positions. Total in this HDF5: 110000. Overall processed: 110000
Tactical Worker 1: Saved 1000 positions. Total in this HDF5: 111000. Overall processed: 111000
Tactical Worker 1: Saved 1000 positions. Total in this HDF5: 112000. Overall processed: 112000
Tactical Worker 1: Saved 1000 positions. Total in this HDF5: 113000. Overall processed: 113000
Tactical Worker 1: Saved 1000 positions. Total in this HDF5: 114000. Overall processed: 114000
Tactical Worker 1: Saved 1000 positions. Total in this HDF5: 115000. Overall processed: 115000
Tactical Worker 1: Saved 1000 positions. Total in this HDF5: 116000. Overall processed: 116000
Tactical Worker 1: Saved 1000 positions. Total in this HDF5: 117000. Overall processed: 117000
Tactical Worker 1: Saved 1000 positions. Total in this HDF5: 118000. Overall processed: 118000
Tactical Worker 1: Saved 1000 positions. Total in this HDF5: 119000. Overall processed: 119000
Tactical Worker 1: Saved 1000 positions. Total in this HDF5: 120000. Overall processed: 120000
Tactical Worker 1: Saved 1000 positions. Total in this HDF5: 121000. Overall processed: 121000
Tactical Worker 1: Saved 1000 positions. Total in this HDF5: 122000. Overall processed: 122000
Tactical Worker 1: Saved 1000 positions. Total in this HDF5: 123000. Overall processed: 123000
Tactical Worker 1: Saved 1000 positions. Total in this HDF5: 124000. Overall processed: 124000
Tactical Worker 1: Saved 1000 positions. Total in this HDF5: 125000. Overall processed: 125000
Tactical Worker 1: Saved 1000 positions. Total in this HDF5: 126000. Overall processed: 126000
Tactical Worker 1: Saved 1000 positions. Total in this HDF5: 127000. Overall processed: 127000
Tactical Worker 1: Saved 1000 positions. Total in this HDF5: 128000. Overall processed: 128000
Tactical Worker 1: Saved 1000 positions. Total in this HDF5: 129000. Overall processed: 129000
Tactical Worker 1: Saved 1000 positions. Total in this HDF5: 130000. Overall processed: 130000
Tactical Worker 1: Saved 1000 positions. Total in this HDF5: 131000. Overall processed: 131000
Tactical Worker 1: Saved 1000 positions. Total in this HDF5: 132000. Overall processed: 132000
Tactical Worker 1: Saved 1000 positions. Total in this HDF5: 133000. Overall processed: 133000
Tactical Worker 1: Saved 1000 positions. Total in this HDF5: 134000. Overall processed: 134000
Tactical Worker 1: Saved 1000 positions. Total in this HDF5: 135000. Overall processed: 135000
Tactical Worker 1: Saved 1000 positions. Total in this HDF5: 136000. Overall processed: 136000
Tactical Worker 1: Saved 1000 positions. Total in this HDF5: 137000. Overall processed: 137000
Tactical Worker 1: Saved 1000 positions. Total in this HDF5: 138000. Overall processed: 138000
Tactical Worker 1: Saved 1000 positions. Total in this HDF5: 139000. Overall processed: 139000
Tactical Worker 1: Saved 1000 positions. Total in this HDF5: 140000. Overall processed: 140000
Tactical Worker 1: Saved 1000 positions. Total in this HDF5: 141000. Overall processed: 141000
Tactical Worker 1: Saved 1000 positions. Total in this HDF5: 142000. Overall processed: 142000
Tactical Worker 1: Saved 1000 positions. Total in this HDF5: 143000. Overall processed: 143000
Tactical Worker 1: Saved 1000 positions. Total in this HDF5: 144000. Overall processed: 144000
Tactical Worker 1: Saved 1000 positions. Total in this HDF5: 145000. Overall processed: 145000
Tactical Worker 1: Saved 1000 positions. Total in this HDF5: 146000. Overall processed: 146000
Tactical Worker 1: Saved 1000 positions. Total in this HDF5: 147000. Overall processed: 147000
Tactical Worker 1: Saved 1000 positions. Total in this HDF5: 148000. Overall processed: 148000
Tactical Worker 1: Saved 1000 positions. Total in this HDF5: 149000. Overall processed: 149000
Tactical Worker 1: Saved 1000 positions. Total in this HDF5: 150000. Overall processed: 150000
Tactical Worker 1: Saved 1000 positions. Total in this HDF5: 151000. Overall processed: 151000
Tactical Worker 1: Saved 1000 positions. Total in this HDF5: 152000. Overall processed: 152000
Tactical Worker 1: Saved 1000 positions. Total in this HDF5: 153000. Overall processed: 153000
Tactical Worker 1: Saved 1000 positions. Total in this HDF5: 154000. Overall processed: 154000
Tactical Worker 1: Saved 1000 positions. Total in this HDF5: 155000. Overall processed: 155000
Tactical Worker 1: Saved 1000 positions. Total in this HDF5: 156000. Overall processed: 156000
Tactical Worker 1: Saved 1000 positions. Total in this HDF5: 157000. Overall processed: 157000
Tactical Worker 1: Saved 1000 positions. Total in this HDF5: 158000. Overall processed: 158000
Tactical Worker 1: Saved 1000 positions. Total in this HDF5: 159000. Overall processed: 159000
Tactical Worker 1: Saved 1000 positions. Total in this HDF5: 160000. Overall processed: 160000
Tactical Worker 1: Saved 1000 positions. Total in this HDF5: 161000. Overall processed: 161000
Tactical Worker 1: Saved 1000 positions. Total in this HDF5: 162000. Overall processed: 162000
Tactical Worker 1: Saved 1000 positions. Total in this HDF5: 163000. Overall processed: 163000
Tactical Worker 1: Saved 1000 positions. Total in this HDF5: 164000. Overall processed: 164000
Tactical Worker 1: Saved 1000 positions. Total in this HDF5: 165000. Overall processed: 165000
Tactical Worker 1: Saved 1000 positions. Total in this HDF5: 166000. Overall processed: 166000
Tactical Worker 1: Saved 1000 positions. Total in this HDF5: 167000. Overall processed: 167000
Tactical Worker 1: Saved 1000 positions. Total in this HDF5: 168000. Overall processed: 168000
Tactical Worker 1: Saved 1000 positions. Total in this HDF5: 169000. Overall processed: 169000
Tactical Worker 1: Saved 1000 positions. Total in this HDF5: 170000. Overall processed: 170000
Tactical Worker 1: Saved 1000 positions. Total in this HDF5: 171000. Overall processed: 171000
Tactical Worker 1: Saved 1000 positions. Total in this HDF5: 172000. Overall processed: 172000
Tactical Worker 1: Saved 1000 positions. Total in this HDF5: 173000. Overall processed: 173000
Tactical Worker 1: Saved 1000 positions. Total in this HDF5: 174000. Overall processed: 174000
Tactical Worker 1: Saved 1000 positions. Total in this HDF5: 175000. Overall processed: 175000
Tactical Worker 1: Saved 1000 positions. Total in this HDF5: 176000. Overall processed: 176000
Tactical Worker 1: Saved 1000 positions. Total in this HDF5: 177000. Overall processed: 177000
Tactical Worker 1: Saved 1000 positions. Total in this HDF5: 178000. Overall processed: 178000
Tactical Worker 1: Saved 1000 positions. Total in this HDF5: 179000. Overall processed: 179000
Tactical Worker 1: Saved 1000 positions. Total in this HDF5: 180000. Overall processed: 180000
Tactical Worker 1: Saved 1000 positions. Total in this HDF5: 181000. Overall processed: 181000
Tactical Worker 1: Saved 1000 positions. Total in this HDF5: 182000. Overall processed: 182000
Tactical Worker 1: Saved 1000 positions. Total in this HDF5: 183000. Overall processed: 183000
Tactical Worker 1: Saved 1000 positions. Total in this HDF5: 184000. Overall processed: 184000
Tactical Worker 1: Saved 1000 positions. Total in this HDF5: 185000. Overall processed: 185000
Tactical Worker 1: Saved 1000 positions. Total in this HDF5: 186000. Overall processed: 186000
Tactical Worker 1: Saved 1000 positions. Total in this HDF5: 187000. Overall processed: 187000
Tactical Worker 1: Saved 1000 positions. Total in this HDF5: 188000. Overall processed: 188000
Tactical Worker 1: Saved 1000 positions. Total in this HDF5: 189000. Overall processed: 189000
Tactical Worker 1: Saved 1000 positions. Total in this HDF5: 190000. Overall processed: 190000
Tactical Worker 1: Saved 1000 positions. Total in this HDF5: 191000. Overall processed: 191000
Tactical Worker 1: Saved 1000 positions. Total in this HDF5: 192000. Overall processed: 192000
Tactical Worker 1: Saved 1000 positions. Total in this HDF5: 193000. Overall processed: 193000
Tactical Worker 1: Saved 1000 positions. Total in this HDF5: 194000. Overall processed: 194000
Tactical Worker 1: Saved 1000 positions. Total in this HDF5: 195000. Overall processed: 195000
Tactical Worker 1: Saved 1000 positions. Total in this HDF5: 196000. Overall processed: 196000
Tactical Worker 1: Saved 1000 positions. Total in this HDF5: 197000. Overall processed: 197000
Tactical Worker 1: Saved 1000 positions. Total in this HDF5: 198000. Overall processed: 198000
Tactical Worker 1: Saved 1000 positions. Total in this HDF5: 199000. Overall processed: 199000
Tactical Worker 1: Saved 1000 positions. Total in this HDF5: 200000. Overall processed: 200000
Tactical Worker 1: Saved 1000 positions. Total in this HDF5: 201000. Overall processed: 201000
Tactical Worker 1: Saved 1000 positions. Total in this HDF5: 202000. Overall processed: 202000
Tactical Worker 1: Saved 1000 positions. Total in this HDF5: 203000. Overall processed: 203000
Tactical Worker 1: Saved 1000 positions. Total in this HDF5: 204000. Overall processed: 204000
Tactical Worker 1: Saved 1000 positions. Total in this HDF5: 205000. Overall processed: 205000
Tactical Worker 1: Saved 1000 positions. Total in this HDF5: 206000. Overall processed: 206000
Tactical Worker 1: Saved 1000 positions. Total in this HDF5: 207000. Overall processed: 207000
Tactical Worker 1: Saved 1000 positions. Total in this HDF5: 208000. Overall processed: 208000
Tactical Worker 1: Saved 1000 positions. Total in this HDF5: 209000. Overall processed: 209000
Tactical Worker 1: Saved 1000 positions. Total in this HDF5: 210000. Overall processed: 210000
Tactical Worker 1: Saved 1000 positions. Total in this HDF5: 211000. Overall processed: 211000
Tactical Worker 1: Saved 1000 positions. Total in this HDF5: 212000. Overall processed: 212000
Tactical Worker 1: Saved 1000 positions. Total in this HDF5: 213000. Overall processed: 213000
Tactical Worker 1: Saved 1000 positions. Total in this HDF5: 214000. Overall processed: 214000
Tactical Worker 1: Saved 1000 positions. Total in this HDF5: 215000. Overall processed: 215000
Tactical Worker 1: Saved 1000 positions. Total in this HDF5: 216000. Overall processed: 216000
Tactical Worker 1: Saved 1000 positions. Total in this HDF5: 217000. Overall processed: 217000
Tactical Worker 1: Saved 1000 positions. Total in this HDF5: 218000. Overall processed: 218000
Tactical Worker 1: Saved 1000 positions. Total in this HDF5: 219000. Overall processed: 219000
Tactical Worker 1: Saved 1000 positions. Total in this HDF5: 220000. Overall processed: 220000
Tactical Worker 1: Saved 1000 positions. Total in this HDF5: 221000. Overall processed: 221000
Tactical Worker 1: Saved 1000 positions. Total in this HDF5: 222000. Overall processed: 222000
Tactical Worker 1: Saved 1000 positions. Total in this HDF5: 223000. Overall processed: 223000
Tactical Worker 1: Saved 1000 positions. Total in this HDF5: 224000. Overall processed: 224000
Tactical Worker 1: Saved 1000 positions. Total in this HDF5: 225000. Overall processed: 225000
Tactical Worker 1: Saved 1000 positions. Total in this HDF5: 226000. Overall processed: 226000
Tactical Worker 1: Saved 1000 positions. Total in this HDF5: 227000. Overall processed: 227000
Tactical Worker 1: Saved 1000 positions. Total in this HDF5: 228000. Overall processed: 228000
Tactical Worker 1: Saved 1000 positions. Total in this HDF5: 229000. Overall processed: 229000
Tactical Worker 1: Saved 1000 positions. Total in this HDF5: 230000. Overall processed: 230000
Tactical Worker 1: Saved 1000 positions. Total in this HDF5: 231000. Overall processed: 231000
Tactical Worker 1: Saved 1000 positions. Total in this HDF5: 232000. Overall processed: 232000
Tactical Worker 1: Saved 1000 positions. Total in this HDF5: 233000. Overall processed: 233000
Tactical Worker 1: Saved 1000 positions. Total in this HDF5: 234000. Overall processed: 234000
Tactical Worker 1: Saved 1000 positions. Total in this HDF5: 235000. Overall processed: 235000
Tactical Worker 1: Saved 1000 positions. Total in this HDF5: 236000. Overall processed: 236000
Tactical Worker 1: Saved 1000 positions. Total in this HDF5: 237000. Overall processed: 237000
Tactical Worker 1: Saved 1000 positions. Total in this HDF5: 238000. Overall processed: 238000
Tactical Worker 1: Saved 1000 positions. Total in this HDF5: 239000. Overall processed: 239000
Tactical Worker 1: Saved 1000 positions. Total in this HDF5: 240000. Overall processed: 240000
Tactical Worker 1: Saved 1000 positions. Total in this HDF5: 241000. Overall processed: 241000
Tactical Worker 1: Saved 1000 positions. Total in this HDF5: 242000. Overall processed: 242000
Tactical Worker 1: Saved 1000 positions. Total in this HDF5: 243000. Overall processed: 243000
Tactical Worker 1: Saved 1000 positions. Total in this HDF5: 244000. Overall processed: 244000
Tactical Worker 1: Saved 1000 positions. Total in this HDF5: 245000. Overall processed: 245000
Tactical Worker 1: Saved 1000 positions. Total in this HDF5: 246000. Overall processed: 246000
Tactical Worker 1: Saved 1000 positions. Total in this HDF5: 247000. Overall processed: 247000
Tactical Worker 1: Saved 1000 positions. Total in this HDF5: 248000. Overall processed: 248000
Tactical Worker 1: Saved 1000 positions. Total in this HDF5: 249000. Overall processed: 249000
Tactical Worker 1: Saved 1000 positions. Total in this HDF5: 250000. Overall processed: 250000
Tactical Worker 1: Saved 1000 positions. Total in this HDF5: 251000. Overall processed: 251000
Tactical Worker 1: Saved 1000 positions. Total in this HDF5: 252000. Overall processed: 252000
Tactical Worker 1: Saved 1000 positions. Total in this HDF5: 253000. Overall processed: 253000
Tactical Worker 1: Saved 1000 positions. Total in this HDF5: 254000. Overall processed: 254000
Tactical Worker 1: Saved 1000 positions. Total in this HDF5: 255000. Overall processed: 255000
Tactical Worker 1: Saved 1000 positions. Total in this HDF5: 256000. Overall processed: 256000
Tactical Worker 1: Saved 1000 positions. Total in this HDF5: 257000. Overall processed: 257000
Tactical Worker 1: Saved 1000 positions. Total in this HDF5: 258000. Overall processed: 258000
Tactical Worker 1: Saved 1000 positions. Total in this HDF5: 259000. Overall processed: 259000
Tactical Worker 1: Saved 1000 positions. Total in this HDF5: 260000. Overall processed: 260000
Tactical Worker 1: Saved 1000 positions. Total in this HDF5: 261000. Overall processed: 261000
Tactical Worker 1: Saved 1000 positions. Total in this HDF5: 262000. Overall processed: 262000
Tactical Worker 1: Saved 1000 positions. Total in this HDF5: 263000. Overall processed: 263000
Tactical Worker 1: Saved 1000 positions. Total in this HDF5: 264000. Overall processed: 264000
Tactical Worker 1: Saved 1000 positions. Total in this HDF5: 265000. Overall processed: 265000
Tactical Worker 1: Saved 1000 positions. Total in this HDF5: 266000. Overall processed: 266000
Tactical Worker 1: Saved 1000 positions. Total in this HDF5: 267000. Overall processed: 267000
Tactical Worker 1: Saved 1000 positions. Total in this HDF5: 268000. Overall processed: 268000
Tactical Worker 1: Saved 1000 positions. Total in this HDF5: 269000. Overall processed: 269000
Tactical Worker 1: Saved 1000 positions. Total in this HDF5: 270000. Overall processed: 270000
Tactical Worker 1: Saved 1000 positions. Total in this HDF5: 271000. Overall processed: 271000
Tactical Worker 1: Saved 1000 positions. Total in this HDF5: 272000. Overall processed: 272000
Tactical Worker 1: Saved 620 remaining positions. Final total in this HDF5: 272620. Overall processed: 272620
Tactical Worker 1: Stockfish engine terminated.
Tactical Worker 1: Finished. Puzzles read: 296526, Skipped (Rating): 0, Positions processed: 272620
