[2025-08-03 00:08:09,586] [INFO] Starting self-play manager. Main logs are being saved to C:\Users\User\Projects\talbot\training\reinforcement\logs\self_play\2025-08-03_00-08-09\run.log
[2025-08-03 00:08:09,586] [INFO] Worker logs are being saved to C:\Users\User\Projects\talbot\training\reinforcement\logs\self_play\2025-08-03_00-08-09\worker.log
[2025-08-03 00:08:09,586] [INFO] Config loaded: {'self_play': {'num_games_total': 10, 'search_depth': 600, 'dirichlet_alpha': 0.25, 'dirichlet_epsilon': 0.2, 'opening_book_path': '/Users/User/Projects/talbot/data/opening_books/Titans.bin', 'opening_min_moves': 8, 'opening_max_moves': 12}, 'talbot': {'model_path': '/Users/User/Projects/talbot/training/reinforcement/model/supervised_model.pth', 'input_planes': 68, 'filters': 128, 'resblocks': 20, 'cpuct': 7.0, 'batchsize': 32}, 'logging': {'main_logging': True, 'main_logging_level': 10, 'worker_logging': True, 'worker_logging_level': 20, 'run_log_dir': 'C:\\Users\\User\\Projects\\talbot\\training\\reinforcement\\logs\\self_play\\2025-08-03_00-08-09'}}
[2025-08-03 00:09:32,018] [INFO] Game completed (1/10). PGN: 
1. e4 c5 2. Nf3 Nc6 3. Bb5 e6 4. Bxc6 bxc6 5. d3 Ne7 6. Qe2 Ng6 7. h4 h5 8. e5
f6 9. Qe4 f5 10. Qe2 Be7 11. g3 Qc7 12. Nc3 Rb8 13. b3 d6 14. exd6 Qxd6 15. Bb2
Bf6 16. O-O-O O-O 17. Rhe1 e5 18. Nd2 Be6 19. Qxh5 Ne7 20. Nc4 Bxc4 21. dxc4
Qe6 22. Qe2 e4 23. Na4 Bxb2+ 24. Kxb2 Qe5+ 25. Ka3 f4 26. gxf4 Rxf4 27. Rd7 Nf5
28. c3 Nxh4 29. Rh1 Rbf8 30. Rhd1 Rxf2 31. Qg4 Nf5 32. Rg1 e3 33. Nxc5 Qxc3 34.
Ne4 Qa5# 0-1 0-1
[2025-08-03 00:11:13,341] [INFO] Game completed (2/10). PGN: 
1. e4 c5 2. Nf3 d6 3. d4 cxd4 4. Nxd4 Nf6 5. Nc3 a6 6. Bg5 e6 7. f4 Be7 8. Qf3
Qc7 9. O-O-O Nbd7 10. g4 b5 11. Bxf6 Nxf6 12. g5 Nd7 13. f5 Bxg5+ 14. Kb1 Ne5
15. Qh5 Bf6 16. Rg1 b4 17. Nce2 O-O 18. Nf4 Re8 19. fxe6 g6 20. Nd5 Qd8 21.
exf7+ Nxf7 22. Nxf6+ Qxf6 23. Qd5 Ra7 24. Nc6 Rc7 25. Nxb4 Re5 26. Qb3 Be6 27.
Qe3 a5 28. Nd3 Rb5 29. b3 Qc3 30. Nb2 Qxe3 31. Bxb5 Qxe4 32. Rge1 Qxc2+ 33. Ka1
Bf5 34. Bc4 Qc3 35. Rc1 Qf6 36. Re8+ Kg7 37. Rce1 Ne5 38. Rf1 Nxc4 39. bxc4 Rb7
40. Ra8 Qxb2# 0-1 0-1
[2025-08-03 00:12:51,151] [INFO] Game completed (3/10). PGN: 
1. d4 d5 2. c4 c6 3. Nf3 Nf6 4. Nc3 dxc4 5. a4 Bf5 6. e3 e6 7. Bxc4 Bb4 8. O-O
O-O 9. Qe2 Bg6 10. Ne5 Nbd7 11. Nxg6 hxg6 12. Rd1 Qa5 13. Bd2 e5 14. dxe5 Nxe5
15. Bb3 Rad8 16. Be1 Rxd1 17. Rxd1 Rd8 18. Rxd8+ Qxd8 19. h3 Nd3 20. Bd2 Nxb2
21. Na2 Bxd2 22. Qxd2 Qxd2 23. Bxf7+ Kxf7 24. Kh2 Qxf2 25. Nc1 Qxe3 26. a5 Qxc1
27. a6 Qf4+ 28. Kh1 Qc1+ 29. Kh2 Qf4+ 30. Kh1 Qc1+ 31. Kh2 Qf4+ 32. Kh1 Qc1+
33. Kh2 Qf4+ 34. Kh1 bxa6 35. g3 Qc1+ 36. Kg2 Qc2+ 37. Kf3 Nc4 38. g4 a5 39. g5
Nd5 40. h4 Nce3 41. Kg3 Qg2# 0-1 0-1
[2025-08-03 00:15:38,055] [INFO] Game completed (4/10). PGN: 
1. e4 c6 2. d4 d5 3. e5 Bf5 4. Nf3 e6 5. Be2 Ne7 6. O-O Bg6 7. Nbd2 Nf5 8. Nb3
Nd7 9. a4 Be7 10. a5 O-O 11. c4 dxc4 12. Bxc4 b5 13. axb6 axb6 14. Rxa8 Qxa8
15. Bd3 c5 16. dxc5 Nxc5 17. Nxc5 Bxc5 18. Bxf5 Bxf5 19. Be3 Rd8 20. Qe2 Bd3
21. Qe1 Bxf1 22. Kxf1 Bxe3 23. Qxe3 Qa1+ 24. Qe1 Qxb2 25. Kg1 h6 26. h3 b5 27.
Kh2 b4 28. Qe4 b3 29. Kg3 Qc2 30. Qxc2 bxc2 31. Kf4 c1=Q+ 32. Kg3 Qc4 33. Nh2
Rd3+ 34. Nf3 Qe4 35. Kh2 Rxf3 36. gxf3 Qxe5+ 37. Kg2 Qg5+ 38. Kf1 Qb5+ 39. Kg2
Qg5+ 40. Kf1 Qb5+ 41. Kg2 Qg5+ 42. Kf1 Qb5+ 43. Kg2 Qg5+ 44. Kf1 Qb5+ 45. Kg2
Kh7 46. Kg3 Qg5+ 47. Kh2 Qf4+ 48. Kg2 Kg6 49. Kf1 Qxf3 50. Ke1 Kh5 51. h4 Kxh4
52. Kd2 Qxf2+ 53. Kd3 Kg4 54. Kc4 h5 55. Kb3 h4 56. Kc4 h3 57. Kb3 h2 58. Kc4
h1=Q 59. Kb3 Qb1+ 60. Kc4 Qfc2+ 61. Kd4 Qb4+ 62. Ke5 Qbe4+ 63. Kd6 Qcc6+ 64.
Ke7 Qc7+ 65. Kf8 Qd8+ 66. Kxg7 Qg6# 0-1 0-1
[2025-08-03 00:17:14,334] [INFO] Game completed (5/10). PGN: 
1. e4 e6 2. d4 d5 3. Nc3 Bb4 4. e5 c5 5. a3 Bxc3+ 6. bxc3 Ne7 7. Qg4 O-O 8. Bd3
Nbc6 9. Qh5 Ng6 10. Nf3 Qc7 11. Be3 c4 12. Bxg6 fxg6 13. Qg4 Qf7 14. Ng5 Qe8
15. h4 h6 16. Nh3 Ne7 17. Qe2 Nf5 18. Bf4 Nxh4 19. g3 Ng2+ 20. Kd2 Nxf4 21.
Nxf4 g5 22. Nh5 Qg6 23. f4 Bd7 24. Raf1 Qe4 25. fxg5 Qxe2+ 26. Kxe2 Rxf1 27.
Rxf1 hxg5 28. g4 Rf8 29. Rxf8+ Kxf8 30. Ng3 Ba4 31. Kd2 Kf7 32. Kc1 Kg6 33. Kd2
b5 34. Kc1 a6 35. Kd2 a5 36. Kc1 Kh6 37. Kd2 Kg6 38. Kc1 Kh6 39. Kd2 Kg6 40.
Kc1 Kh6 41. Kd2 Kg6 42. Kc1 Kh6 43. Kd2 Kg6 1/2-1/2 1/2-1/2
[2025-08-03 00:19:16,623] [INFO] Game completed (6/10). PGN: 
1. d4 Nf6 2. Nf3 e6 3. c4 b6 4. g3 Ba6 5. b3 Bb4+ 6. Bd2 Be7 7. Bg2 c6 8. Bc3
d5 9. Ne5 Nfd7 10. Nxd7 Nxd7 11. Nd2 O-O 12. O-O Rc8 13. e4 c5 14. exd5 exd5
15. dxc5 dxc4 16. c6 cxb3 17. Re1 b2 18. Bxb2 Nc5 19. Qg4 Bf6 20. Bxf6 Qxf6 21.
Ne4 Nxe4 22. Qxe4 g6 23. Rad1 Bb5 24. Qe5 Qxe5 25. Rxe5 Bxc6 26. Bxc6 Rxc6 27.
Rd7 a5 28. Ree7 Rf6 29. Rb7 Rc8 30. Rec7 Rxc7 31. Rxc7 Rd6 32. Rb7 Kg7 33. a4
Kf6 34. Kg2 Ke6 35. Kf3 h5 36. h4 f6 37. Ke3 Kf5 38. f3 g5 39. hxg5 fxg5 40.
Rf7+ Kg6 41. Rf8 Re6+ 42. Kf2 Rd6 43. Rg8+ Kf6 44. Rh8 Kg6 45. Rg8+ Kf6 46. Rh8
Kg6 47. Rg8+ Kf6 48. Rh8 Kg6 49. Rg8+ Kf6 50. Rh8 Kg6 51. Rg8+ 1/2-1/2 1/2-1/2
[2025-08-03 00:21:09,365] [INFO] Game completed (7/10). PGN: 
1. d4 Nf6 2. c4 e6 3. Nc3 Bb4 4. Qc2 Nc6 5. Nf3 d6 6. Bd2 O-O 7. a3 Bxc3 8.
Bxc3 Qe7 9. e3 e5 10. d5 Nb8 11. Nd2 a5 12. Bd3 Na6 13. b4 axb4 14. axb4 c6 15.
dxc6 bxc6 16. O-O Bb7 17. Rfb1 Nc7 18. Rxa8 Rxa8 19. b5 cxb5 20. cxb5 Ncd5 21.
Ne4 Nxe4 22. Bxe4 Nxc3 23. Bxb7 Qxb7 24. Qxc3 Qb6 25. h3 g6 26. Qc6 Qxc6 27.
bxc6 Rc8 28. Rb6 Kf8 29. e4 Ke7 30. Kf1 Kd8 31. Ke2 Kc7 32. Ra6 f5 33. exf5
gxf5 34. g4 fxg4 35. hxg4 Rg8 36. f3 h5 37. gxh5 Rh8 38. Ke3 Rxh5 39. Ke4 Rh4+
40. Kd5 Rd4+ 41. Ke6 Rf4 42. Kd5 Rd4+ 43. Ke6 Rf4 44. Kd5 Rd4+ 45. Ke6 Rf4 46.
Kd5 Rd4+ 47. Ke6 Rf4 48. Kd5 Rd4+ 1/2-1/2 1/2-1/2
[2025-08-03 00:23:53,038] [INFO] Game completed (8/10). PGN: 
1. d4 Nf6 2. Nf3 e6 3. e3 b6 4. Bd3 Bb7 5. O-O d5 6. b3 Bd6 7. Bb2 O-O 8. Nbd2
c5 9. Ne5 Nc6 10. f4 Ne7 11. Qf3 Rc8 12. Qh3 g6 13. g4 Ne4 14. Nxe4 dxe4 15.
Be2 cxd4 16. Bxd4 Rxc2 17. Bd1 Rd2 18. Rf2 Rxf2 19. Kxf2 f6 20. Nc4 Bc7 21. Be2
Nd5 22. Rd1 Qe7 23. Bb2 b5 24. Nd2 Bb6 25. Nxe4 e5 26. f5 Nxe3 27. Qxe3 Bxe3+
28. Kxe3 Bxe4 29. Kxe4 Qb7+ 30. Ke3 Qb6+ 31. Ke4 Rd8 32. Rxd8+ Qxd8 33. Bxb5
Qd2 34. Ba3 Qd4+ 35. Kf3 Qf4+ 36. Ke2 Qxg4+ 37. Kd2 Qxf5 38. Bc4+ Kg7 39. Bc5
Qf4+ 40. Kc3 Qxh2 41. Bxa7 Qxa2 42. Bb6 Qa1+ 43. Kb4 e4 44. Bc5 g5 45. Kb5 h5
46. b4 h4 47. Kc6 h3 48. b5 h2 49. b6 h1=Q 50. b7 Qe5 51. Bd6 Qxd6+ 52. Kxd6
Qb1 53. Kc7 Qxb7+ 54. Kxb7 f5 55. Kc6 Kf6 56. Kd5 g4 57. Kd4 Kg5 58. Ke3 g3 59.
Bf1 Kg4 60. Bg2 Kg5 61. Bh3 Kh4 62. Bxf5 g2 63. Kf2 e3+ 64. Kxg2 Kg5 65. Bd3
Kf4 66. Be2 Ke4 67. Kg3 Kd4 68. Kf3 Kd5 69. Kxe3 1/2-1/2 1/2-1/2
[2025-08-03 00:25:53,506] [INFO] Game completed (9/10). PGN: 
1. d4 Nf6 2. Nf3 g6 3. c4 Bg7 4. Nc3 O-O 5. e4 d6 6. Be2 e5 7. O-O Nc6 8. d5
Ne7 9. Ne1 Nd7 10. Be3 f5 11. f3 f4 12. Bf2 g5 13. Rc1 Ng6 14. c5 Nxc5 15. b4
Na6 16. Nb5 Bd7 17. a4 h5 18. Nd3 g4 19. Kh1 g3 20. Bg1 gxh2 21. Bxh2 Nh4 22.
g3 fxg3 23. Bxg3 Bh3 24. Rg1 Nxf3 25. Bxf3 Rxf3 26. Qxf3 Bg4 27. Qe3 Qf6 28.
Bh4 Qxh4+ 29. Kg2 Rf8 30. Rh1 Rf3 31. Qxf3 Bxf3+ 32. Kxf3 Qg4+ 33. Kf2 Qxe4 34.
Rxh5 Qxd3 35. Nxc7 Nxc7 36. Rxc7 Qd4+ 37. Kf3 Qf4+ 38. Ke2 Qe4+ 39. Kd2 Qxd5+
40. Ke2 Qe4+ 41. Kd2 Qxb4+ 42. Ke2 Qe4+ 43. Kf2 Qf4+ 44. Ke2 Qe4+ 45. Kf2 Qf4+
46. Ke2 Qe4+ 47. Kf2 Qf4+ 48. Ke2 Qe4+ 49. Kf2 Qf4+ 50. Ke2 Qe4+ 1/2-1/2 1/2-1/2
[2025-08-03 00:28:02,449] [INFO] Game completed (10/10). PGN: 
1. d4 d5 2. c4 c6 3. Nc3 Nf6 4. Nf3 e6 5. e3 Nbd7 6. Qc2 Bd6 7. Bd3 O-O 8. O-O
dxc4 9. Bxc4 b5 10. Be2 Bb7 11. Rd1 Qc7 12. e4 e5 13. dxe5 Nxe5 14. Nd4 Neg4
15. g3 Bc5 16. Bf4 Qb6 17. e5 Nxf2 18. exf6 Nxd1 19. Rxd1 Bxd4+ 20. Rxd4 Qxd4+
21. Kf1 Qxf6 22. Ne4 Qg6 23. Nc5 Qxc2 24. Nxb7 Rfe8 25. Bf3 Qb1+ 26. Kg2 Qxb2+
27. Kh3 Qxa2 28. Bxc6 Re6 29. Bf3 Rae8 30. Nd6 Rxd6 31. Bxd6 Qd2 32. Bf4 Qxf4
33. gxf4 b4 34. Bd5 Re3+ 35. Kg4 b3 36. h4 g6 37. f5 Kg7 38. fxg6 hxg6 39. Kf4
Rc3 40. Ke5 a5 41. Kd4 Rh3 42. Kc5 a4 43. Kb4 Rxh4+ 44. Ka3 Rd4 45. Bc6 g5 46.
Kb2 g4 47. Kc3 Rd6 48. Bxa4 g3 49. Bxb3 g2 50. Bc4 g1=Q 51. Kb2 Qd4+ 52. Kb3
Rb6+ 53. Bb5 Rxb5+ 54. Kc2 Rb2+ 55. Kc1 Qd2# 0-1 0-1
[2025-08-03 00:28:02,449] [INFO] --- All games finished. ---
