Worker 4: Stockfish engine initialized.
Worker 4: Stockfish analysis time limit per move: 0.02 seconds.
Worker 4: Created new HDF5 file: C:\Users\User\Projects\talbot\src\training\supervised\v5_historic_input_channels\scripts\../data\lichess_elite_db\worker_4.h5
Worker 4: Filtering games: Both Elo >= 2500.
Worker 4: Filtering games: Min 30 full moves.
Worker 4: Max moves to process for this worker: 625000
Worker 4: Processing PGN file: lichess_elite_2020-01.pgn
Worker 4: Saved 1000 moves. Total in this HDF5: 1000. Overall processed: 1000
Worker 4: Saved 1000 moves. Total in this HDF5: 2000. Overall processed: 2000
Worker 4: Saved 1000 moves. Total in this HDF5: 3000. Overall processed: 3000
Worker 4: Saved 1000 moves. Total in this HDF5: 4000. Overall processed: 4000
Worker 4: Saved 1000 moves. Total in this HDF5: 5000. Overall processed: 5000
Worker 4: Saved 1000 moves. Total in this HDF5: 6000. Overall processed: 6000
Worker 4: Saved 1000 moves. Total in this HDF5: 7000. Overall processed: 7000
Worker 4: Saved 1000 moves. Total in this HDF5: 8000. Overall processed: 8000
Worker 4: Saved 1000 moves. Total in this HDF5: 9000. Overall processed: 9000
Worker 4: Saved 1000 moves. Total in this HDF5: 10000. Overall processed: 10000
Worker 4: Saved 1000 moves. Total in this HDF5: 11000. Overall processed: 11000
Worker 4: Saved 1000 moves. Total in this HDF5: 12000. Overall processed: 12000
Worker 4: Saved 1000 moves. Total in this HDF5: 13000. Overall processed: 13000
Worker 4: Saved 1000 moves. Total in this HDF5: 14000. Overall processed: 14000
Worker 4: Saved 1000 moves. Total in this HDF5: 15000. Overall processed: 15000
Worker 4: Saved 1000 moves. Total in this HDF5: 16000. Overall processed: 16000
Worker 4: Saved 1000 moves. Total in this HDF5: 17000. Overall processed: 17000
Worker 4: Saved 1000 moves. Total in this HDF5: 18000. Overall processed: 18000
Worker 4: Saved 1000 moves. Total in this HDF5: 19000. Overall processed: 19000
Worker 4: Saved 1000 moves. Total in this HDF5: 20000. Overall processed: 20000
Worker 4: Saved 1000 moves. Total in this HDF5: 21000. Overall processed: 21000
Worker 4: Saved 1000 moves. Total in this HDF5: 22000. Overall processed: 22000
Worker 4: Saved 1000 moves. Total in this HDF5: 23000. Overall processed: 23000
Worker 4: Saved 1000 moves. Total in this HDF5: 24000. Overall processed: 24000
Worker 4: Saved 1000 moves. Total in this HDF5: 25000. Overall processed: 25000
Worker 4: Saved 1000 moves. Total in this HDF5: 26000. Overall processed: 26000
Worker 4: Saved 1000 moves. Total in this HDF5: 27000. Overall processed: 27000
Worker 4: Saved 1000 moves. Total in this HDF5: 28000. Overall processed: 28000
Worker 4: Saved 1000 moves. Total in this HDF5: 29000. Overall processed: 29000
Worker 4: Saved 1000 moves. Total in this HDF5: 30000. Overall processed: 30000
Worker 4: Saved 1000 moves. Total in this HDF5: 31000. Overall processed: 31000
Worker 4: Saved 1000 moves. Total in this HDF5: 32000. Overall processed: 32000
Worker 4: Saved 1000 moves. Total in this HDF5: 33000. Overall processed: 33000
Worker 4: Saved 1000 moves. Total in this HDF5: 34000. Overall processed: 34000
Worker 4: Saved 1000 moves. Total in this HDF5: 35000. Overall processed: 35000
Worker 4: Saved 1000 moves. Total in this HDF5: 36000. Overall processed: 36000
Worker 4: Saved 1000 moves. Total in this HDF5: 37000. Overall processed: 37000
Worker 4: Saved 1000 moves. Total in this HDF5: 38000. Overall processed: 38000
Worker 4: Saved 1000 moves. Total in this HDF5: 39000. Overall processed: 39000
Worker 4: Saved 1000 moves. Total in this HDF5: 40000. Overall processed: 40000
Worker 4: Saved 1000 moves. Total in this HDF5: 41000. Overall processed: 41000
Worker 4: Saved 1000 moves. Total in this HDF5: 42000. Overall processed: 42000
Worker 4: Saved 1000 moves. Total in this HDF5: 43000. Overall processed: 43000
Worker 4: Saved 1000 moves. Total in this HDF5: 44000. Overall processed: 44000
Worker 4: Saved 1000 moves. Total in this HDF5: 45000. Overall processed: 45000
Worker 4: Saved 1000 moves. Total in this HDF5: 46000. Overall processed: 46000
Worker 4: Saved 1000 moves. Total in this HDF5: 47000. Overall processed: 47000
Worker 4: Saved 1000 moves. Total in this HDF5: 48000. Overall processed: 48000
Worker 4: Saved 1000 moves. Total in this HDF5: 49000. Overall processed: 49000
Worker 4: Saved 1000 moves. Total in this HDF5: 50000. Overall processed: 50000
Worker 4: Saved 1000 moves. Total in this HDF5: 51000. Overall processed: 51000
Worker 4: Saved 1000 moves. Total in this HDF5: 52000. Overall processed: 52000
Worker 4: Saved 1000 moves. Total in this HDF5: 53000. Overall processed: 53000
Worker 4: Saved 1000 moves. Total in this HDF5: 54000. Overall processed: 54000
Worker 4: Saved 1000 moves. Total in this HDF5: 55000. Overall processed: 55000
Worker 4: Saved 1000 moves. Total in this HDF5: 56000. Overall processed: 56000
Worker 4: Saved 1000 moves. Total in this HDF5: 57000. Overall processed: 57000
Worker 4: Saved 1000 moves. Total in this HDF5: 58000. Overall processed: 58000
Worker 4: Saved 1000 moves. Total in this HDF5: 59000. Overall processed: 59000
Worker 4: Saved 1000 moves. Total in this HDF5: 60000. Overall processed: 60000
Worker 4: Saved 1000 moves. Total in this HDF5: 61000. Overall processed: 61000
Worker 4: Saved 1000 moves. Total in this HDF5: 62000. Overall processed: 62000
Worker 4: Saved 1000 moves. Total in this HDF5: 63000. Overall processed: 63000
Worker 4: Saved 1000 moves. Total in this HDF5: 64000. Overall processed: 64000
Worker 4: Saved 1000 moves. Total in this HDF5: 65000. Overall processed: 65000
Worker 4: Saved 1000 moves. Total in this HDF5: 66000. Overall processed: 66000
Worker 4: Saved 1000 moves. Total in this HDF5: 67000. Overall processed: 67000
Worker 4: Saved 1000 moves. Total in this HDF5: 68000. Overall processed: 68000
Worker 4: Saved 1000 moves. Total in this HDF5: 69000. Overall processed: 69000
Worker 4: Saved 1000 moves. Total in this HDF5: 70000. Overall processed: 70000
Worker 4: Saved 1000 moves. Total in this HDF5: 71000. Overall processed: 71000
Worker 4: Saved 1000 moves. Total in this HDF5: 72000. Overall processed: 72000
Worker 4: Saved 1000 moves. Total in this HDF5: 73000. Overall processed: 73000
Worker 4: Saved 1000 moves. Total in this HDF5: 74000. Overall processed: 74000
Worker 4: Saved 1000 moves. Total in this HDF5: 75000. Overall processed: 75000
Worker 4: Saved 1000 moves. Total in this HDF5: 76000. Overall processed: 76000
Worker 4: Saved 1000 moves. Total in this HDF5: 77000. Overall processed: 77000
Worker 4: Saved 1000 moves. Total in this HDF5: 78000. Overall processed: 78000
Worker 4: Saved 1000 moves. Total in this HDF5: 79000. Overall processed: 79000
Worker 4: Saved 1000 moves. Total in this HDF5: 80000. Overall processed: 80000
Worker 4: Saved 1000 moves. Total in this HDF5: 81000. Overall processed: 81000
Worker 4: Saved 1000 moves. Total in this HDF5: 82000. Overall processed: 82000
Worker 4: Saved 1000 moves. Total in this HDF5: 83000. Overall processed: 83000
Worker 4: Saved 1000 moves. Total in this HDF5: 84000. Overall processed: 84000
Worker 4: Saved 1000 moves. Total in this HDF5: 85000. Overall processed: 85000
Worker 4: Saved 1000 moves. Total in this HDF5: 86000. Overall processed: 86000
Worker 4: Saved 1000 moves. Total in this HDF5: 87000. Overall processed: 87000
Worker 4: Saved 1000 moves. Total in this HDF5: 88000. Overall processed: 88000
Worker 4: Saved 1000 moves. Total in this HDF5: 89000. Overall processed: 89000
Worker 4: Saved 1000 moves. Total in this HDF5: 90000. Overall processed: 90000
Worker 4: Saved 1000 moves. Total in this HDF5: 91000. Overall processed: 91000
Worker 4: Saved 1000 moves. Total in this HDF5: 92000. Overall processed: 92000
Worker 4: Saved 1000 moves. Total in this HDF5: 93000. Overall processed: 93000
Worker 4: Saved 1000 moves. Total in this HDF5: 94000. Overall processed: 94000
Worker 4: Saved 1000 moves. Total in this HDF5: 95000. Overall processed: 95000
Worker 4: Saved 1000 moves. Total in this HDF5: 96000. Overall processed: 96000
Worker 4: Saved 1000 moves. Total in this HDF5: 97000. Overall processed: 97000
Worker 4: Saved 1000 moves. Total in this HDF5: 98000. Overall processed: 98000
Worker 4: Saved 1000 moves. Total in this HDF5: 99000. Overall processed: 99000
Worker 4: Saved 1000 moves. Total in this HDF5: 100000. Overall processed: 100000
Worker 4: Saved 1000 moves. Total in this HDF5: 101000. Overall processed: 101000
Worker 4: Saved 1000 moves. Total in this HDF5: 102000. Overall processed: 102000
Worker 4: Saved 1000 moves. Total in this HDF5: 103000. Overall processed: 103000
Worker 4: Saved 1000 moves. Total in this HDF5: 104000. Overall processed: 104000
Worker 4: Saved 1000 moves. Total in this HDF5: 105000. Overall processed: 105000
Worker 4: Saved 1000 moves. Total in this HDF5: 106000. Overall processed: 106000
Worker 4: Saved 1000 moves. Total in this HDF5: 107000. Overall processed: 107000
Worker 4: Saved 1000 moves. Total in this HDF5: 108000. Overall processed: 108000
Worker 4: Saved 1000 moves. Total in this HDF5: 109000. Overall processed: 109000
Worker 4: Saved 1000 moves. Total in this HDF5: 110000. Overall processed: 110000
Worker 4: Saved 1000 moves. Total in this HDF5: 111000. Overall processed: 111000
Worker 4: Saved 1000 moves. Total in this HDF5: 112000. Overall processed: 112000
Worker 4: Saved 1000 moves. Total in this HDF5: 113000. Overall processed: 113000
Worker 4: Saved 1000 moves. Total in this HDF5: 114000. Overall processed: 114000
Worker 4: Saved 1000 moves. Total in this HDF5: 115000. Overall processed: 115000
Worker 4: Saved 1000 moves. Total in this HDF5: 116000. Overall processed: 116000
Worker 4: Saved 1000 moves. Total in this HDF5: 117000. Overall processed: 117000
Worker 4: Saved 1000 moves. Total in this HDF5: 118000. Overall processed: 118000
Worker 4: Saved 1000 moves. Total in this HDF5: 119000. Overall processed: 119000
Worker 4: Saved 1000 moves. Total in this HDF5: 120000. Overall processed: 120000
Worker 4: Saved 1000 moves. Total in this HDF5: 121000. Overall processed: 121000
Worker 4: Saved 1000 moves. Total in this HDF5: 122000. Overall processed: 122000
Worker 4: Saved 1000 moves. Total in this HDF5: 123000. Overall processed: 123000
Worker 4: Saved 1000 moves. Total in this HDF5: 124000. Overall processed: 124000
Worker 4: Saved 1000 moves. Total in this HDF5: 125000. Overall processed: 125000
Worker 4: Saved 1000 moves. Total in this HDF5: 126000. Overall processed: 126000
Worker 4: Saved 1000 moves. Total in this HDF5: 127000. Overall processed: 127000
Worker 4: Saved 1000 moves. Total in this HDF5: 128000. Overall processed: 128000
Worker 4: Saved 1000 moves. Total in this HDF5: 129000. Overall processed: 129000
Worker 4: Saved 1000 moves. Total in this HDF5: 130000. Overall processed: 130000
Worker 4: Saved 1000 moves. Total in this HDF5: 131000. Overall processed: 131000
Worker 4: Saved 1000 moves. Total in this HDF5: 132000. Overall processed: 132000
Worker 4: Saved 1000 moves. Total in this HDF5: 133000. Overall processed: 133000
Worker 4: Saved 1000 moves. Total in this HDF5: 134000. Overall processed: 134000
Worker 4: Saved 1000 moves. Total in this HDF5: 135000. Overall processed: 135000
Worker 4: Saved 1000 moves. Total in this HDF5: 136000. Overall processed: 136000
Worker 4: Saved 1000 moves. Total in this HDF5: 137000. Overall processed: 137000
Worker 4: Saved 1000 moves. Total in this HDF5: 138000. Overall processed: 138000
Worker 4: Saved 1000 moves. Total in this HDF5: 139000. Overall processed: 139000
Worker 4: Saved 1000 moves. Total in this HDF5: 140000. Overall processed: 140000
Worker 4: Saved 1000 moves. Total in this HDF5: 141000. Overall processed: 141000
Worker 4: Saved 1000 moves. Total in this HDF5: 142000. Overall processed: 142000
Worker 4: Saved 1000 moves. Total in this HDF5: 143000. Overall processed: 143000
Worker 4: Saved 1000 moves. Total in this HDF5: 144000. Overall processed: 144000
Worker 4: Saved 1000 moves. Total in this HDF5: 145000. Overall processed: 145000
Worker 4: Saved 1000 moves. Total in this HDF5: 146000. Overall processed: 146000
Worker 4: Saved 1000 moves. Total in this HDF5: 147000. Overall processed: 147000
Worker 4: Saved 1000 moves. Total in this HDF5: 148000. Overall processed: 148000
Worker 4: Saved 1000 moves. Total in this HDF5: 149000. Overall processed: 149000
Worker 4: Saved 1000 moves. Total in this HDF5: 150000. Overall processed: 150000
Worker 4: Saved 1000 moves. Total in this HDF5: 151000. Overall processed: 151000
Worker 4: Saved 1000 moves. Total in this HDF5: 152000. Overall processed: 152000
Worker 4: Saved 1000 moves. Total in this HDF5: 153000. Overall processed: 153000
Worker 4: Saved 1000 moves. Total in this HDF5: 154000. Overall processed: 154000
Worker 4: Saved 1000 moves. Total in this HDF5: 155000. Overall processed: 155000
Worker 4: Saved 1000 moves. Total in this HDF5: 156000. Overall processed: 156000
Worker 4: Saved 1000 moves. Total in this HDF5: 157000. Overall processed: 157000
Worker 4: Saved 1000 moves. Total in this HDF5: 158000. Overall processed: 158000
Worker 4: Saved 1000 moves. Total in this HDF5: 159000. Overall processed: 159000
Worker 4: Saved 1000 moves. Total in this HDF5: 160000. Overall processed: 160000
Worker 4: Saved 1000 moves. Total in this HDF5: 161000. Overall processed: 161000
Worker 4: Saved 1000 moves. Total in this HDF5: 162000. Overall processed: 162000
Worker 4: Saved 1000 moves. Total in this HDF5: 163000. Overall processed: 163000
Worker 4: Saved 1000 moves. Total in this HDF5: 164000. Overall processed: 164000
Worker 4: Saved 1000 moves. Total in this HDF5: 165000. Overall processed: 165000
Worker 4: Saved 1000 moves. Total in this HDF5: 166000. Overall processed: 166000
Worker 4: Saved 1000 moves. Total in this HDF5: 167000. Overall processed: 167000
Worker 4: Saved 1000 moves. Total in this HDF5: 168000. Overall processed: 168000
Worker 4: Saved 1000 moves. Total in this HDF5: 169000. Overall processed: 169000
Worker 4: Saved 1000 moves. Total in this HDF5: 170000. Overall processed: 170000
Worker 4: Saved 1000 moves. Total in this HDF5: 171000. Overall processed: 171000
Worker 4: Saved 1000 moves. Total in this HDF5: 172000. Overall processed: 172000
Worker 4: Saved 1000 moves. Total in this HDF5: 173000. Overall processed: 173000
Worker 4: Saved 1000 moves. Total in this HDF5: 174000. Overall processed: 174000
Worker 4: Saved 1000 moves. Total in this HDF5: 175000. Overall processed: 175000
Worker 4: Saved 1000 moves. Total in this HDF5: 176000. Overall processed: 176000
Worker 4: Saved 1000 moves. Total in this HDF5: 177000. Overall processed: 177000
Worker 4: Saved 1000 moves. Total in this HDF5: 178000. Overall processed: 178000
Worker 4: Saved 1000 moves. Total in this HDF5: 179000. Overall processed: 179000
Worker 4: Saved 1000 moves. Total in this HDF5: 180000. Overall processed: 180000
Worker 4: Saved 1000 moves. Total in this HDF5: 181000. Overall processed: 181000
Worker 4: Saved 1000 moves. Total in this HDF5: 182000. Overall processed: 182000
Worker 4: Saved 1000 moves. Total in this HDF5: 183000. Overall processed: 183000
Worker 4: Saved 1000 moves. Total in this HDF5: 184000. Overall processed: 184000
Worker 4: Saved 1000 moves. Total in this HDF5: 185000. Overall processed: 185000
Worker 4: Saved 1000 moves. Total in this HDF5: 186000. Overall processed: 186000
Worker 4: Saved 1000 moves. Total in this HDF5: 187000. Overall processed: 187000
Worker 4: Saved 1000 moves. Total in this HDF5: 188000. Overall processed: 188000
Worker 4: Saved 1000 moves. Total in this HDF5: 189000. Overall processed: 189000
Worker 4: Saved 1000 moves. Total in this HDF5: 190000. Overall processed: 190000
Worker 4: Saved 1000 moves. Total in this HDF5: 191000. Overall processed: 191000
Worker 4: Saved 1000 moves. Total in this HDF5: 192000. Overall processed: 192000
Worker 4: Saved 1000 moves. Total in this HDF5: 193000. Overall processed: 193000
Worker 4: Saved 1000 moves. Total in this HDF5: 194000. Overall processed: 194000
Worker 4: Saved 1000 moves. Total in this HDF5: 195000. Overall processed: 195000
Worker 4: Saved 1000 moves. Total in this HDF5: 196000. Overall processed: 196000
Worker 4: Saved 1000 moves. Total in this HDF5: 197000. Overall processed: 197000
Worker 4: Saved 1000 moves. Total in this HDF5: 198000. Overall processed: 198000
Worker 4: Saved 1000 moves. Total in this HDF5: 199000. Overall processed: 199000
Worker 4: Saved 1000 moves. Total in this HDF5: 200000. Overall processed: 200000
Worker 4: Saved 1000 moves. Total in this HDF5: 201000. Overall processed: 201000
Worker 4: Saved 1000 moves. Total in this HDF5: 202000. Overall processed: 202000
Worker 4: Saved 1000 moves. Total in this HDF5: 203000. Overall processed: 203000
Worker 4: Saved 1000 moves. Total in this HDF5: 204000. Overall processed: 204000
Worker 4: Saved 1000 moves. Total in this HDF5: 205000. Overall processed: 205000
Worker 4: Saved 1000 moves. Total in this HDF5: 206000. Overall processed: 206000
Worker 4: Saved 1000 moves. Total in this HDF5: 207000. Overall processed: 207000
Worker 4: Saved 1000 moves. Total in this HDF5: 208000. Overall processed: 208000
Worker 4: Saved 1000 moves. Total in this HDF5: 209000. Overall processed: 209000
Worker 4: Saved 1000 moves. Total in this HDF5: 210000. Overall processed: 210000
Worker 4: Saved 1000 moves. Total in this HDF5: 211000. Overall processed: 211000
Worker 4: Saved 1000 moves. Total in this HDF5: 212000. Overall processed: 212000
Worker 4: Saved 1000 moves. Total in this HDF5: 213000. Overall processed: 213000
Worker 4: Saved 1000 moves. Total in this HDF5: 214000. Overall processed: 214000
Worker 4: Saved 1000 moves. Total in this HDF5: 215000. Overall processed: 215000
Worker 4: Saved 1000 moves. Total in this HDF5: 216000. Overall processed: 216000
Worker 4: Saved 1000 moves. Total in this HDF5: 217000. Overall processed: 217000
Worker 4: Saved 1000 moves. Total in this HDF5: 218000. Overall processed: 218000
Worker 4: Saved 1000 moves. Total in this HDF5: 219000. Overall processed: 219000
Worker 4: Saved 1000 moves. Total in this HDF5: 220000. Overall processed: 220000
Worker 4: Saved 1000 moves. Total in this HDF5: 221000. Overall processed: 221000
Worker 4: Saved 1000 moves. Total in this HDF5: 222000. Overall processed: 222000
Worker 4: Saved 1000 moves. Total in this HDF5: 223000. Overall processed: 223000
Worker 4: Saved 1000 moves. Total in this HDF5: 224000. Overall processed: 224000
Worker 4: Saved 1000 moves. Total in this HDF5: 225000. Overall processed: 225000
Worker 4: Saved 1000 moves. Total in this HDF5: 226000. Overall processed: 226000
Worker 4: Saved 1000 moves. Total in this HDF5: 227000. Overall processed: 227000
Worker 4: Saved 1000 moves. Total in this HDF5: 228000. Overall processed: 228000
Worker 4: Saved 1000 moves. Total in this HDF5: 229000. Overall processed: 229000
Worker 4: Saved 1000 moves. Total in this HDF5: 230000. Overall processed: 230000
Worker 4: Saved 1000 moves. Total in this HDF5: 231000. Overall processed: 231000
Worker 4: Saved 1000 moves. Total in this HDF5: 232000. Overall processed: 232000
Worker 4: Saved 1000 moves. Total in this HDF5: 233000. Overall processed: 233000
Worker 4: Saved 1000 moves. Total in this HDF5: 234000. Overall processed: 234000
Worker 4: Saved 1000 moves. Total in this HDF5: 235000. Overall processed: 235000
Worker 4: Saved 1000 moves. Total in this HDF5: 236000. Overall processed: 236000
Worker 4: Saved 1000 moves. Total in this HDF5: 237000. Overall processed: 237000
Worker 4: Saved 1000 moves. Total in this HDF5: 238000. Overall processed: 238000
Worker 4: Saved 1000 moves. Total in this HDF5: 239000. Overall processed: 239000
Worker 4: Saved 1000 moves. Total in this HDF5: 240000. Overall processed: 240000
Worker 4: Saved 1000 moves. Total in this HDF5: 241000. Overall processed: 241000
Worker 4: Saved 1000 moves. Total in this HDF5: 242000. Overall processed: 242000
Worker 4: Saved 1000 moves. Total in this HDF5: 243000. Overall processed: 243000
Worker 4: Saved 1000 moves. Total in this HDF5: 244000. Overall processed: 244000
Worker 4: Saved 1000 moves. Total in this HDF5: 245000. Overall processed: 245000
Worker 4: Saved 1000 moves. Total in this HDF5: 246000. Overall processed: 246000
Worker 4: Saved 1000 moves. Total in this HDF5: 247000. Overall processed: 247000
Worker 4: Saved 1000 moves. Total in this HDF5: 248000. Overall processed: 248000
Worker 4: Saved 1000 moves. Total in this HDF5: 249000. Overall processed: 249000
Worker 4: Saved 1000 moves. Total in this HDF5: 250000. Overall processed: 250000
Worker 4: Saved 1000 moves. Total in this HDF5: 251000. Overall processed: 251000
Worker 4: Saved 1000 moves. Total in this HDF5: 252000. Overall processed: 252000
Worker 4: Saved 1000 moves. Total in this HDF5: 253000. Overall processed: 253000
Worker 4: Saved 1000 moves. Total in this HDF5: 254000. Overall processed: 254000
Worker 4: Saved 1000 moves. Total in this HDF5: 255000. Overall processed: 255000
Worker 4: Saved 1000 moves. Total in this HDF5: 256000. Overall processed: 256000
Worker 4: Saved 1000 moves. Total in this HDF5: 257000. Overall processed: 257000
Worker 4: Saved 1000 moves. Total in this HDF5: 258000. Overall processed: 258000
Worker 4: Saved 1000 moves. Total in this HDF5: 259000. Overall processed: 259000
Worker 4: Saved 1000 moves. Total in this HDF5: 260000. Overall processed: 260000
Worker 4: Saved 1000 moves. Total in this HDF5: 261000. Overall processed: 261000
Worker 4: Saved 1000 moves. Total in this HDF5: 262000. Overall processed: 262000
Worker 4: Saved 1000 moves. Total in this HDF5: 263000. Overall processed: 263000
Worker 4: Saved 1000 moves. Total in this HDF5: 264000. Overall processed: 264000
Worker 4: Saved 1000 moves. Total in this HDF5: 265000. Overall processed: 265000
Worker 4: Saved 1000 moves. Total in this HDF5: 266000. Overall processed: 266000
Worker 4: Saved 1000 moves. Total in this HDF5: 267000. Overall processed: 267000
Worker 4: Saved 1000 moves. Total in this HDF5: 268000. Overall processed: 268000
Worker 4: Saved 1000 moves. Total in this HDF5: 269000. Overall processed: 269000
Worker 4: Saved 1000 moves. Total in this HDF5: 270000. Overall processed: 270000
Worker 4: Saved 1000 moves. Total in this HDF5: 271000. Overall processed: 271000
Worker 4: Saved 1000 moves. Total in this HDF5: 272000. Overall processed: 272000
Worker 4: Saved 1000 moves. Total in this HDF5: 273000. Overall processed: 273000
Worker 4: Saved 1000 moves. Total in this HDF5: 274000. Overall processed: 274000
Worker 4: Saved 1000 moves. Total in this HDF5: 275000. Overall processed: 275000
Worker 4: Saved 1000 moves. Total in this HDF5: 276000. Overall processed: 276000
Worker 4: Saved 1000 moves. Total in this HDF5: 277000. Overall processed: 277000
Worker 4: Saved 1000 moves. Total in this HDF5: 278000. Overall processed: 278000
Worker 4: Saved 1000 moves. Total in this HDF5: 279000. Overall processed: 279000
Worker 4: Saved 1000 moves. Total in this HDF5: 280000. Overall processed: 280000
Worker 4: Saved 1000 moves. Total in this HDF5: 281000. Overall processed: 281000
Worker 4: Saved 1000 moves. Total in this HDF5: 282000. Overall processed: 282000
Worker 4: Saved 1000 moves. Total in this HDF5: 283000. Overall processed: 283000
Worker 4: Saved 1000 moves. Total in this HDF5: 284000. Overall processed: 284000
Worker 4: Saved 1000 moves. Total in this HDF5: 285000. Overall processed: 285000
Worker 4: Saved 1000 moves. Total in this HDF5: 286000. Overall processed: 286000
Worker 4: Saved 1000 moves. Total in this HDF5: 287000. Overall processed: 287000
Worker 4: Saved 1000 moves. Total in this HDF5: 288000. Overall processed: 288000
Worker 4: Saved 1000 moves. Total in this HDF5: 289000. Overall processed: 289000
Worker 4: Saved 1000 moves. Total in this HDF5: 290000. Overall processed: 290000
Worker 4: Saved 1000 moves. Total in this HDF5: 291000. Overall processed: 291000
Worker 4: Saved 1000 moves. Total in this HDF5: 292000. Overall processed: 292000
Worker 4: Saved 1000 moves. Total in this HDF5: 293000. Overall processed: 293000
Worker 4: Saved 1000 moves. Total in this HDF5: 294000. Overall processed: 294000
Worker 4: Saved 1000 moves. Total in this HDF5: 295000. Overall processed: 295000
Worker 4: Saved 1000 moves. Total in this HDF5: 296000. Overall processed: 296000
Worker 4: Saved 1000 moves. Total in this HDF5: 297000. Overall processed: 297000
Worker 4: Saved 1000 moves. Total in this HDF5: 298000. Overall processed: 298000
Worker 4: Saved 1000 moves. Total in this HDF5: 299000. Overall processed: 299000
Worker 4: Saved 1000 moves. Total in this HDF5: 300000. Overall processed: 300000
Worker 4: Saved 1000 moves. Total in this HDF5: 301000. Overall processed: 301000
Worker 4: Saved 1000 moves. Total in this HDF5: 302000. Overall processed: 302000
Worker 4: Saved 1000 moves. Total in this HDF5: 303000. Overall processed: 303000
Worker 4: Saved 1000 moves. Total in this HDF5: 304000. Overall processed: 304000
Worker 4: Saved 1000 moves. Total in this HDF5: 305000. Overall processed: 305000
Worker 4: Saved 1000 moves. Total in this HDF5: 306000. Overall processed: 306000
Worker 4: Saved 1000 moves. Total in this HDF5: 307000. Overall processed: 307000
Worker 4: Saved 1000 moves. Total in this HDF5: 308000. Overall processed: 308000
Worker 4: Saved 1000 moves. Total in this HDF5: 309000. Overall processed: 309000
Worker 4: Saved 1000 moves. Total in this HDF5: 310000. Overall processed: 310000
Worker 4: Saved 1000 moves. Total in this HDF5: 311000. Overall processed: 311000
Worker 4: Saved 1000 moves. Total in this HDF5: 312000. Overall processed: 312000
Worker 4: Saved 1000 moves. Total in this HDF5: 313000. Overall processed: 313000
Worker 4: Saved 1000 moves. Total in this HDF5: 314000. Overall processed: 314000
Worker 4: Saved 1000 moves. Total in this HDF5: 315000. Overall processed: 315000
Worker 4: Saved 1000 moves. Total in this HDF5: 316000. Overall processed: 316000
Worker 4: Saved 1000 moves. Total in this HDF5: 317000. Overall processed: 317000
Worker 4: Saved 1000 moves. Total in this HDF5: 318000. Overall processed: 318000
Worker 4: Saved 1000 moves. Total in this HDF5: 319000. Overall processed: 319000
Worker 4: Saved 1000 moves. Total in this HDF5: 320000. Overall processed: 320000
Worker 4: Saved 1000 moves. Total in this HDF5: 321000. Overall processed: 321000
Worker 4: Saved 1000 moves. Total in this HDF5: 322000. Overall processed: 322000
Worker 4: Saved 1000 moves. Total in this HDF5: 323000. Overall processed: 323000
Worker 4: Saved 1000 moves. Total in this HDF5: 324000. Overall processed: 324000
Worker 4: Saved 1000 moves. Total in this HDF5: 325000. Overall processed: 325000
Worker 4: Saved 1000 moves. Total in this HDF5: 326000. Overall processed: 326000
Worker 4: Saved 1000 moves. Total in this HDF5: 327000. Overall processed: 327000
Worker 4: Saved 1000 moves. Total in this HDF5: 328000. Overall processed: 328000
Worker 4: Saved 1000 moves. Total in this HDF5: 329000. Overall processed: 329000
Worker 4: Saved 1000 moves. Total in this HDF5: 330000. Overall processed: 330000
Worker 4: Saved 1000 moves. Total in this HDF5: 331000. Overall processed: 331000
Worker 4: Saved 1000 moves. Total in this HDF5: 332000. Overall processed: 332000
Worker 4: Saved 1000 moves. Total in this HDF5: 333000. Overall processed: 333000
Worker 4: Saved 1000 moves. Total in this HDF5: 334000. Overall processed: 334000
Worker 4: Saved 1000 moves. Total in this HDF5: 335000. Overall processed: 335000
Worker 4: Saved 1000 moves. Total in this HDF5: 336000. Overall processed: 336000
Worker 4: Saved 1000 moves. Total in this HDF5: 337000. Overall processed: 337000
Worker 4: Saved 1000 moves. Total in this HDF5: 338000. Overall processed: 338000
Worker 4: Saved 1000 moves. Total in this HDF5: 339000. Overall processed: 339000
Worker 4: Saved 1000 moves. Total in this HDF5: 340000. Overall processed: 340000
Worker 4: Saved 1000 moves. Total in this HDF5: 341000. Overall processed: 341000
Worker 4: Saved 1000 moves. Total in this HDF5: 342000. Overall processed: 342000
Worker 4: Saved 1000 moves. Total in this HDF5: 343000. Overall processed: 343000
Worker 4: Saved 1000 moves. Total in this HDF5: 344000. Overall processed: 344000
Worker 4: Saved 1000 moves. Total in this HDF5: 345000. Overall processed: 345000
Worker 4: Saved 1000 moves. Total in this HDF5: 346000. Overall processed: 346000
Worker 4: Saved 1000 moves. Total in this HDF5: 347000. Overall processed: 347000
Worker 4: Saved 1000 moves. Total in this HDF5: 348000. Overall processed: 348000
Worker 4: Saved 1000 moves. Total in this HDF5: 349000. Overall processed: 349000
Worker 4: Saved 1000 moves. Total in this HDF5: 350000. Overall processed: 350000
Worker 4: Saved 1000 moves. Total in this HDF5: 351000. Overall processed: 351000
Worker 4: Saved 1000 moves. Total in this HDF5: 352000. Overall processed: 352000
Worker 4: Saved 1000 moves. Total in this HDF5: 353000. Overall processed: 353000
Worker 4: Saved 1000 moves. Total in this HDF5: 354000. Overall processed: 354000
Worker 4: Saved 1000 moves. Total in this HDF5: 355000. Overall processed: 355000
Worker 4: Saved 1000 moves. Total in this HDF5: 356000. Overall processed: 356000
Worker 4: Saved 1000 moves. Total in this HDF5: 357000. Overall processed: 357000
Worker 4: Saved 1000 moves. Total in this HDF5: 358000. Overall processed: 358000
Worker 4: Saved 1000 moves. Total in this HDF5: 359000. Overall processed: 359000
Worker 4: Saved 1000 moves. Total in this HDF5: 360000. Overall processed: 360000
Worker 4: Saved 1000 moves. Total in this HDF5: 361000. Overall processed: 361000
Worker 4: Saved 1000 moves. Total in this HDF5: 362000. Overall processed: 362000
Worker 4: Saved 1000 moves. Total in this HDF5: 363000. Overall processed: 363000
Worker 4: Saved 1000 moves. Total in this HDF5: 364000. Overall processed: 364000
Worker 4: Saved 1000 moves. Total in this HDF5: 365000. Overall processed: 365000
Worker 4: Saved 1000 moves. Total in this HDF5: 366000. Overall processed: 366000
Worker 4: Saved 1000 moves. Total in this HDF5: 367000. Overall processed: 367000
Worker 4: Saved 1000 moves. Total in this HDF5: 368000. Overall processed: 368000
Worker 4: Saved 1000 moves. Total in this HDF5: 369000. Overall processed: 369000
Worker 4: Saved 1000 moves. Total in this HDF5: 370000. Overall processed: 370000
Worker 4: Saved 1000 moves. Total in this HDF5: 371000. Overall processed: 371000
Worker 4: Saved 1000 moves. Total in this HDF5: 372000. Overall processed: 372000
Worker 4: Saved 1000 moves. Total in this HDF5: 373000. Overall processed: 373000
Worker 4: Saved 1000 moves. Total in this HDF5: 374000. Overall processed: 374000
Worker 4: Saved 1000 moves. Total in this HDF5: 375000. Overall processed: 375000
Worker 4: Saved 1000 moves. Total in this HDF5: 376000. Overall processed: 376000
Worker 4: Saved 1000 moves. Total in this HDF5: 377000. Overall processed: 377000
Worker 4: Saved 1000 moves. Total in this HDF5: 378000. Overall processed: 378000
Worker 4: Saved 1000 moves. Total in this HDF5: 379000. Overall processed: 379000
Worker 4: Saved 1000 moves. Total in this HDF5: 380000. Overall processed: 380000
Worker 4: Saved 1000 moves. Total in this HDF5: 381000. Overall processed: 381000
Worker 4: Saved 1000 moves. Total in this HDF5: 382000. Overall processed: 382000
Worker 4: Saved 1000 moves. Total in this HDF5: 383000. Overall processed: 383000
Worker 4: Saved 1000 moves. Total in this HDF5: 384000. Overall processed: 384000
Worker 4: Saved 1000 moves. Total in this HDF5: 385000. Overall processed: 385000
Worker 4: Saved 1000 moves. Total in this HDF5: 386000. Overall processed: 386000
Worker 4: Saved 1000 moves. Total in this HDF5: 387000. Overall processed: 387000
Worker 4: Saved 1000 moves. Total in this HDF5: 388000. Overall processed: 388000
Worker 4: Saved 1000 moves. Total in this HDF5: 389000. Overall processed: 389000
Worker 4: Saved 1000 moves. Total in this HDF5: 390000. Overall processed: 390000
Worker 4: Saved 1000 moves. Total in this HDF5: 391000. Overall processed: 391000
Worker 4: Saved 1000 moves. Total in this HDF5: 392000. Overall processed: 392000
Worker 4: Saved 1000 moves. Total in this HDF5: 393000. Overall processed: 393000
Worker 4: Saved 1000 moves. Total in this HDF5: 394000. Overall processed: 394000
Worker 4: Saved 1000 moves. Total in this HDF5: 395000. Overall processed: 395000
Worker 4: Saved 1000 moves. Total in this HDF5: 396000. Overall processed: 396000
Worker 4: Saved 1000 moves. Total in this HDF5: 397000. Overall processed: 397000
Worker 4: Saved 1000 moves. Total in this HDF5: 398000. Overall processed: 398000
Worker 4: Saved 1000 moves. Total in this HDF5: 399000. Overall processed: 399000
Worker 4: Saved 1000 moves. Total in this HDF5: 400000. Overall processed: 400000
Worker 4: Saved 1000 moves. Total in this HDF5: 401000. Overall processed: 401000
Worker 4: Saved 1000 moves. Total in this HDF5: 402000. Overall processed: 402000
Worker 4: Saved 1000 moves. Total in this HDF5: 403000. Overall processed: 403000
Worker 4: Saved 1000 moves. Total in this HDF5: 404000. Overall processed: 404000
Worker 4: Saved 1000 moves. Total in this HDF5: 405000. Overall processed: 405000
Worker 4: Saved 1000 moves. Total in this HDF5: 406000. Overall processed: 406000
Worker 4: Saved 1000 moves. Total in this HDF5: 407000. Overall processed: 407000
Worker 4: Saved 1000 moves. Total in this HDF5: 408000. Overall processed: 408000
Worker 4: Saved 1000 moves. Total in this HDF5: 409000. Overall processed: 409000
Worker 4: Saved 1000 moves. Total in this HDF5: 410000. Overall processed: 410000
Worker 4: Saved 1000 moves. Total in this HDF5: 411000. Overall processed: 411000
Worker 4: Saved 1000 moves. Total in this HDF5: 412000. Overall processed: 412000
Worker 4: Saved 1000 moves. Total in this HDF5: 413000. Overall processed: 413000
Worker 4: Saved 1000 moves. Total in this HDF5: 414000. Overall processed: 414000
Worker 4: Saved 1000 moves. Total in this HDF5: 415000. Overall processed: 415000
Worker 4: Saved 1000 moves. Total in this HDF5: 416000. Overall processed: 416000
Worker 4: Saved 1000 moves. Total in this HDF5: 417000. Overall processed: 417000
Worker 4: Saved 1000 moves. Total in this HDF5: 418000. Overall processed: 418000
Worker 4: Saved 1000 moves. Total in this HDF5: 419000. Overall processed: 419000
Worker 4: Saved 1000 moves. Total in this HDF5: 420000. Overall processed: 420000
Worker 4: Saved 1000 moves. Total in this HDF5: 421000. Overall processed: 421000
Worker 4: Saved 1000 moves. Total in this HDF5: 422000. Overall processed: 422000
Worker 4: Saved 1000 moves. Total in this HDF5: 423000. Overall processed: 423000
Worker 4: Saved 1000 moves. Total in this HDF5: 424000. Overall processed: 424000
Worker 4: Saved 1000 moves. Total in this HDF5: 425000. Overall processed: 425000
Worker 4: Saved 1000 moves. Total in this HDF5: 426000. Overall processed: 426000
Worker 4: Saved 1000 moves. Total in this HDF5: 427000. Overall processed: 427000
Worker 4: Saved 1000 moves. Total in this HDF5: 428000. Overall processed: 428000
Worker 4: Saved 1000 moves. Total in this HDF5: 429000. Overall processed: 429000
Worker 4: Saved 1000 moves. Total in this HDF5: 430000. Overall processed: 430000
Worker 4: Saved 1000 moves. Total in this HDF5: 431000. Overall processed: 431000
Worker 4: Saved 1000 moves. Total in this HDF5: 432000. Overall processed: 432000
Worker 4: Saved 1000 moves. Total in this HDF5: 433000. Overall processed: 433000
Worker 4: Saved 1000 moves. Total in this HDF5: 434000. Overall processed: 434000
Worker 4: Saved 1000 moves. Total in this HDF5: 435000. Overall processed: 435000
Worker 4: Saved 1000 moves. Total in this HDF5: 436000. Overall processed: 436000
Worker 4: Saved 1000 moves. Total in this HDF5: 437000. Overall processed: 437000
Worker 4: Saved 1000 moves. Total in this HDF5: 438000. Overall processed: 438000
Worker 4: Saved 1000 moves. Total in this HDF5: 439000. Overall processed: 439000
Worker 4: Saved 1000 moves. Total in this HDF5: 440000. Overall processed: 440000
Worker 4: Saved 1000 moves. Total in this HDF5: 441000. Overall processed: 441000
Worker 4: Saved 1000 moves. Total in this HDF5: 442000. Overall processed: 442000
Worker 4: Saved 1000 moves. Total in this HDF5: 443000. Overall processed: 443000
Worker 4: Saved 1000 moves. Total in this HDF5: 444000. Overall processed: 444000
Worker 4: Saved 1000 moves. Total in this HDF5: 445000. Overall processed: 445000
Worker 4: Saved 1000 moves. Total in this HDF5: 446000. Overall processed: 446000
Worker 4: Saved 1000 moves. Total in this HDF5: 447000. Overall processed: 447000
Worker 4: Saved 1000 moves. Total in this HDF5: 448000. Overall processed: 448000
Worker 4: Saved 1000 moves. Total in this HDF5: 449000. Overall processed: 449000
Worker 4: Saved 1000 moves. Total in this HDF5: 450000. Overall processed: 450000
Worker 4: Saved 1000 moves. Total in this HDF5: 451000. Overall processed: 451000
Worker 4: Saved 1000 moves. Total in this HDF5: 452000. Overall processed: 452000
Worker 4: Saved 1000 moves. Total in this HDF5: 453000. Overall processed: 453000
Worker 4: Saved 1000 moves. Total in this HDF5: 454000. Overall processed: 454000
Worker 4: Saved 1000 moves. Total in this HDF5: 455000. Overall processed: 455000
Worker 4: Saved 1000 moves. Total in this HDF5: 456000. Overall processed: 456000
Worker 4: Saved 1000 moves. Total in this HDF5: 457000. Overall processed: 457000
Worker 4: Saved 1000 moves. Total in this HDF5: 458000. Overall processed: 458000
Worker 4: Saved 1000 moves. Total in this HDF5: 459000. Overall processed: 459000
Worker 4: Saved 1000 moves. Total in this HDF5: 460000. Overall processed: 460000
Worker 4: Saved 1000 moves. Total in this HDF5: 461000. Overall processed: 461000
Worker 4: Saved 1000 moves. Total in this HDF5: 462000. Overall processed: 462000
Worker 4: Saved 1000 moves. Total in this HDF5: 463000. Overall processed: 463000
Worker 4: Saved 1000 moves. Total in this HDF5: 464000. Overall processed: 464000
Worker 4: Saved 1000 moves. Total in this HDF5: 465000. Overall processed: 465000
Worker 4: Saved 1000 moves. Total in this HDF5: 466000. Overall processed: 466000
Worker 4: Saved 1000 moves. Total in this HDF5: 467000. Overall processed: 467000
Worker 4: Saved 1000 moves. Total in this HDF5: 468000. Overall processed: 468000
Worker 4: Saved 1000 moves. Total in this HDF5: 469000. Overall processed: 469000
Worker 4: Saved 1000 moves. Total in this HDF5: 470000. Overall processed: 470000
Worker 4: Saved 1000 moves. Total in this HDF5: 471000. Overall processed: 471000
Worker 4: Saved 1000 moves. Total in this HDF5: 472000. Overall processed: 472000
Worker 4: Saved 1000 moves. Total in this HDF5: 473000. Overall processed: 473000
Worker 4: Saved 1000 moves. Total in this HDF5: 474000. Overall processed: 474000
Worker 4: Saved 1000 moves. Total in this HDF5: 475000. Overall processed: 475000
Worker 4: Saved 1000 moves. Total in this HDF5: 476000. Overall processed: 476000
Worker 4: Saved 1000 moves. Total in this HDF5: 477000. Overall processed: 477000
Worker 4: Saved 1000 moves. Total in this HDF5: 478000. Overall processed: 478000
Worker 4: Saved 1000 moves. Total in this HDF5: 479000. Overall processed: 479000
Worker 4: Saved 1000 moves. Total in this HDF5: 480000. Overall processed: 480000
Worker 4: Saved 1000 moves. Total in this HDF5: 481000. Overall processed: 481000
Worker 4: Saved 1000 moves. Total in this HDF5: 482000. Overall processed: 482000
Worker 4: Saved 1000 moves. Total in this HDF5: 483000. Overall processed: 483000
Worker 4: Saved 1000 moves. Total in this HDF5: 484000. Overall processed: 484000
Worker 4: Saved 1000 moves. Total in this HDF5: 485000. Overall processed: 485000
Worker 4: Saved 1000 moves. Total in this HDF5: 486000. Overall processed: 486000
Worker 4: Saved 1000 moves. Total in this HDF5: 487000. Overall processed: 487000
Worker 4: Saved 1000 moves. Total in this HDF5: 488000. Overall processed: 488000
Worker 4: Saved 1000 moves. Total in this HDF5: 489000. Overall processed: 489000
Worker 4: Saved 1000 moves. Total in this HDF5: 490000. Overall processed: 490000
Worker 4: Saved 1000 moves. Total in this HDF5: 491000. Overall processed: 491000
Worker 4: Saved 1000 moves. Total in this HDF5: 492000. Overall processed: 492000
Worker 4: Saved 1000 moves. Total in this HDF5: 493000. Overall processed: 493000
Worker 4: Saved 1000 moves. Total in this HDF5: 494000. Overall processed: 494000
Worker 4: Saved 1000 moves. Total in this HDF5: 495000. Overall processed: 495000
Worker 4: Saved 1000 moves. Total in this HDF5: 496000. Overall processed: 496000
Worker 4: Saved 1000 moves. Total in this HDF5: 497000. Overall processed: 497000
Worker 4: Saved 1000 moves. Total in this HDF5: 498000. Overall processed: 498000
Worker 4: Saved 1000 moves. Total in this HDF5: 499000. Overall processed: 499000
Worker 4: Saved 1000 moves. Total in this HDF5: 500000. Overall processed: 500000
Worker 4: Saved 1000 moves. Total in this HDF5: 501000. Overall processed: 501000
Worker 4: Saved 1000 moves. Total in this HDF5: 502000. Overall processed: 502000
Worker 4: Saved 1000 moves. Total in this HDF5: 503000. Overall processed: 503000
Worker 4: Saved 1000 moves. Total in this HDF5: 504000. Overall processed: 504000
Worker 4: Saved 1000 moves. Total in this HDF5: 505000. Overall processed: 505000
Worker 4: Saved 1000 moves. Total in this HDF5: 506000. Overall processed: 506000
Worker 4: Saved 1000 moves. Total in this HDF5: 507000. Overall processed: 507000
Worker 4: Saved 1000 moves. Total in this HDF5: 508000. Overall processed: 508000
Worker 4: Saved 1000 moves. Total in this HDF5: 509000. Overall processed: 509000
Worker 4: Saved 1000 moves. Total in this HDF5: 510000. Overall processed: 510000
Worker 4: Saved 1000 moves. Total in this HDF5: 511000. Overall processed: 511000
Worker 4: Saved 1000 moves. Total in this HDF5: 512000. Overall processed: 512000
Worker 4: Saved 1000 moves. Total in this HDF5: 513000. Overall processed: 513000
Worker 4: Saved 1000 moves. Total in this HDF5: 514000. Overall processed: 514000
Worker 4: Saved 1000 moves. Total in this HDF5: 515000. Overall processed: 515000
Worker 4: Saved 1000 moves. Total in this HDF5: 516000. Overall processed: 516000
Worker 4: Saved 1000 moves. Total in this HDF5: 517000. Overall processed: 517000
Worker 4: Saved 1000 moves. Total in this HDF5: 518000. Overall processed: 518000
Worker 4: Saved 1000 moves. Total in this HDF5: 519000. Overall processed: 519000
Worker 4: Saved 1000 moves. Total in this HDF5: 520000. Overall processed: 520000
Worker 4: Saved 1000 moves. Total in this HDF5: 521000. Overall processed: 521000
Worker 4: Saved 1000 moves. Total in this HDF5: 522000. Overall processed: 522000
Worker 4: Saved 1000 moves. Total in this HDF5: 523000. Overall processed: 523000
Worker 4: Saved 1000 moves. Total in this HDF5: 524000. Overall processed: 524000
Worker 4: Saved 1000 moves. Total in this HDF5: 525000. Overall processed: 525000
Worker 4: Saved 1000 moves. Total in this HDF5: 526000. Overall processed: 526000
Worker 4: Saved 1000 moves. Total in this HDF5: 527000. Overall processed: 527000
Worker 4: Saved 1000 moves. Total in this HDF5: 528000. Overall processed: 528000
Worker 4: Saved 1000 moves. Total in this HDF5: 529000. Overall processed: 529000
Worker 4: Saved 1000 moves. Total in this HDF5: 530000. Overall processed: 530000
Worker 4: Saved 1000 moves. Total in this HDF5: 531000. Overall processed: 531000
Worker 4: Saved 1000 moves. Total in this HDF5: 532000. Overall processed: 532000
Worker 4: Saved 1000 moves. Total in this HDF5: 533000. Overall processed: 533000
Worker 4: Saved 1000 moves. Total in this HDF5: 534000. Overall processed: 534000
Worker 4: Saved 1000 moves. Total in this HDF5: 535000. Overall processed: 535000
Worker 4: Saved 1000 moves. Total in this HDF5: 536000. Overall processed: 536000
Worker 4: Saved 1000 moves. Total in this HDF5: 537000. Overall processed: 537000
Worker 4: Saved 1000 moves. Total in this HDF5: 538000. Overall processed: 538000
Worker 4: Saved 1000 moves. Total in this HDF5: 539000. Overall processed: 539000
Worker 4: Saved 1000 moves. Total in this HDF5: 540000. Overall processed: 540000
Worker 4: Saved 1000 moves. Total in this HDF5: 541000. Overall processed: 541000
Worker 4: Saved 1000 moves. Total in this HDF5: 542000. Overall processed: 542000
Worker 4: Saved 1000 moves. Total in this HDF5: 543000. Overall processed: 543000
Worker 4: Saved 1000 moves. Total in this HDF5: 544000. Overall processed: 544000
Worker 4: Saved 1000 moves. Total in this HDF5: 545000. Overall processed: 545000
Worker 4: Saved 1000 moves. Total in this HDF5: 546000. Overall processed: 546000
Worker 4: Saved 1000 moves. Total in this HDF5: 547000. Overall processed: 547000
Worker 4: Saved 1000 moves. Total in this HDF5: 548000. Overall processed: 548000
Worker 4: Saved 1000 moves. Total in this HDF5: 549000. Overall processed: 549000
Worker 4: Saved 1000 moves. Total in this HDF5: 550000. Overall processed: 550000
Worker 4: Saved 1000 moves. Total in this HDF5: 551000. Overall processed: 551000
Worker 4: Saved 1000 moves. Total in this HDF5: 552000. Overall processed: 552000
Worker 4: Saved 1000 moves. Total in this HDF5: 553000. Overall processed: 553000
Worker 4: Saved 1000 moves. Total in this HDF5: 554000. Overall processed: 554000
Worker 4: Saved 1000 moves. Total in this HDF5: 555000. Overall processed: 555000
Worker 4: Saved 1000 moves. Total in this HDF5: 556000. Overall processed: 556000
Worker 4: Saved 1000 moves. Total in this HDF5: 557000. Overall processed: 557000
Worker 4: Saved 1000 moves. Total in this HDF5: 558000. Overall processed: 558000
Worker 4: Saved 1000 moves. Total in this HDF5: 559000. Overall processed: 559000
Worker 4: Saved 1000 moves. Total in this HDF5: 560000. Overall processed: 560000
Worker 4: Saved 1000 moves. Total in this HDF5: 561000. Overall processed: 561000
Worker 4: Saved 1000 moves. Total in this HDF5: 562000. Overall processed: 562000
Worker 4: Saved 1000 moves. Total in this HDF5: 563000. Overall processed: 563000
Worker 4: Saved 1000 moves. Total in this HDF5: 564000. Overall processed: 564000
Worker 4: Saved 1000 moves. Total in this HDF5: 565000. Overall processed: 565000
Worker 4: Saved 1000 moves. Total in this HDF5: 566000. Overall processed: 566000
Worker 4: Saved 1000 moves. Total in this HDF5: 567000. Overall processed: 567000
Worker 4: Saved 1000 moves. Total in this HDF5: 568000. Overall processed: 568000
Worker 4: Saved 1000 moves. Total in this HDF5: 569000. Overall processed: 569000
Worker 4: Saved 1000 moves. Total in this HDF5: 570000. Overall processed: 570000
Worker 4: Saved 1000 moves. Total in this HDF5: 571000. Overall processed: 571000
Worker 4: Saved 1000 moves. Total in this HDF5: 572000. Overall processed: 572000
Worker 4: Saved 1000 moves. Total in this HDF5: 573000. Overall processed: 573000
Worker 4: Saved 1000 moves. Total in this HDF5: 574000. Overall processed: 574000
Worker 4: Saved 1000 moves. Total in this HDF5: 575000. Overall processed: 575000
Worker 4: Saved 1000 moves. Total in this HDF5: 576000. Overall processed: 576000
Worker 4: Saved 1000 moves. Total in this HDF5: 577000. Overall processed: 577000
Worker 4: Saved 1000 moves. Total in this HDF5: 578000. Overall processed: 578000
Worker 4: Saved 1000 moves. Total in this HDF5: 579000. Overall processed: 579000
Worker 4: Saved 1000 moves. Total in this HDF5: 580000. Overall processed: 580000
Worker 4: Saved 1000 moves. Total in this HDF5: 581000. Overall processed: 581000
Worker 4: Saved 1000 moves. Total in this HDF5: 582000. Overall processed: 582000
Worker 4: Saved 1000 moves. Total in this HDF5: 583000. Overall processed: 583000
Worker 4: Saved 1000 moves. Total in this HDF5: 584000. Overall processed: 584000
Worker 4: Saved 1000 moves. Total in this HDF5: 585000. Overall processed: 585000
Worker 4: Saved 1000 moves. Total in this HDF5: 586000. Overall processed: 586000
Worker 4: Saved 1000 moves. Total in this HDF5: 587000. Overall processed: 587000
Worker 4: Saved 1000 moves. Total in this HDF5: 588000. Overall processed: 588000
Worker 4: Saved 1000 moves. Total in this HDF5: 589000. Overall processed: 589000
Worker 4: Saved 1000 moves. Total in this HDF5: 590000. Overall processed: 590000
Worker 4: Saved 1000 moves. Total in this HDF5: 591000. Overall processed: 591000
Worker 4: Saved 1000 moves. Total in this HDF5: 592000. Overall processed: 592000
Worker 4: Saved 1000 moves. Total in this HDF5: 593000. Overall processed: 593000
Worker 4: Saved 1000 moves. Total in this HDF5: 594000. Overall processed: 594000
Worker 4: Saved 1000 moves. Total in this HDF5: 595000. Overall processed: 595000
Worker 4: Saved 1000 moves. Total in this HDF5: 596000. Overall processed: 596000
Worker 4: Saved 1000 moves. Total in this HDF5: 597000. Overall processed: 597000
Worker 4: Saved 1000 moves. Total in this HDF5: 598000. Overall processed: 598000
Worker 4: Saved 1000 moves. Total in this HDF5: 599000. Overall processed: 599000
Worker 4: Saved 1000 moves. Total in this HDF5: 600000. Overall processed: 600000
Worker 4: Saved 1000 moves. Total in this HDF5: 601000. Overall processed: 601000
Worker 4: Saved 1000 moves. Total in this HDF5: 602000. Overall processed: 602000
Worker 4: Saved 1000 moves. Total in this HDF5: 603000. Overall processed: 603000
Worker 4: Saved 1000 moves. Total in this HDF5: 604000. Overall processed: 604000
Worker 4: Saved 1000 moves. Total in this HDF5: 605000. Overall processed: 605000
Worker 4: Saved 1000 moves. Total in this HDF5: 606000. Overall processed: 606000
Worker 4: Saved 1000 moves. Total in this HDF5: 607000. Overall processed: 607000
Worker 4: Saved 1000 moves. Total in this HDF5: 608000. Overall processed: 608000
Worker 4: Saved 1000 moves. Total in this HDF5: 609000. Overall processed: 609000
Worker 4: Saved 1000 moves. Total in this HDF5: 610000. Overall processed: 610000
Worker 4: Saved 1000 moves. Total in this HDF5: 611000. Overall processed: 611000
Worker 4: Saved 1000 moves. Total in this HDF5: 612000. Overall processed: 612000
Worker 4: Saved 1000 moves. Total in this HDF5: 613000. Overall processed: 613000
Worker 4: Saved 1000 moves. Total in this HDF5: 614000. Overall processed: 614000
Worker 4: Saved 1000 moves. Total in this HDF5: 615000. Overall processed: 615000
Worker 4: Saved 1000 moves. Total in this HDF5: 616000. Overall processed: 616000
Worker 4: Saved 1000 moves. Total in this HDF5: 617000. Overall processed: 617000
Worker 4: Saved 1000 moves. Total in this HDF5: 618000. Overall processed: 618000
Worker 4: Saved 1000 moves. Total in this HDF5: 619000. Overall processed: 619000
Worker 4: Saved 1000 moves. Total in this HDF5: 620000. Overall processed: 620000
Worker 4: Saved 1000 moves. Total in this HDF5: 621000. Overall processed: 621000
Worker 4: Saved 1000 moves. Total in this HDF5: 622000. Overall processed: 622000
Worker 4: Saved 1000 moves. Total in this HDF5: 623000. Overall processed: 623000
Worker 4: Saved 1000 moves. Total in this HDF5: 624000. Overall processed: 624000
Worker 4: Saved 1000 moves. Total in this HDF5: 625000. Overall processed: 625000
Worker 4: Reached 625000 moves. Stopping processing moves in current game.
Worker 4: Reached 625000 moves. Stopping processing new PGN files.
Worker 4: Stockfish engine terminated.
Worker 4: Finished. Games read: 56608, Skipped (Elo): 34236, Skipped (Short): 16075, Moves processed: 625000
